{"C:\\Users\\ijmar\\Develop\\NodeJS\\10-calendar\\src\\api\\ApiErrors.ts": {"path":"C:\\Users\\ijmar\\Develop\\NodeJS\\10-calendar\\src\\api\\ApiErrors.ts","all":false,"statementMap":{"0":{"start":{"line":1,"column":0},"end":{"line":1,"column":45}},"1":{"start":{"line":2,"column":0},"end":{"line":2,"column":18}},"2":{"start":{"line":3,"column":0},"end":{"line":3,"column":18}},"3":{"start":{"line":4,"column":0},"end":{"line":4,"column":17}},"4":{"start":{"line":5,"column":0},"end":{"line":5,"column":14}},"5":{"start":{"line":6,"column":0},"end":{"line":6,"column":15}},"6":{"start":{"line":7,"column":0},"end":{"line":7,"column":12}},"7":{"start":{"line":8,"column":0},"end":{"line":8,"column":1}},"8":{"start":{"line":9,"column":0},"end":{"line":9,"column":0}},"9":{"start":{"line":10,"column":0},"end":{"line":10,"column":34}},"10":{"start":{"line":11,"column":0},"end":{"line":11,"column":17}},"11":{"start":{"line":12,"column":0},"end":{"line":12,"column":17}},"12":{"start":{"line":13,"column":0},"end":{"line":13,"column":1}},"13":{"start":{"line":14,"column":0},"end":{"line":14,"column":0}},"14":{"start":{"line":15,"column":0},"end":{"line":15,"column":61}},"15":{"start":{"line":16,"column":0},"end":{"line":16,"column":18}},"16":{"start":{"line":17,"column":0},"end":{"line":17,"column":18}},"17":{"start":{"line":18,"column":0},"end":{"line":18,"column":17}},"18":{"start":{"line":19,"column":0},"end":{"line":19,"column":14}},"19":{"start":{"line":20,"column":0},"end":{"line":20,"column":15}},"20":{"start":{"line":21,"column":0},"end":{"line":21,"column":26}},"21":{"start":{"line":22,"column":0},"end":{"line":22,"column":29}},"22":{"start":{"line":23,"column":0},"end":{"line":23,"column":29}},"23":{"start":{"line":24,"column":0},"end":{"line":24,"column":18}},"24":{"start":{"line":25,"column":0},"end":{"line":25,"column":2}},"25":{"start":{"line":26,"column":0},"end":{"line":26,"column":0}},"26":{"start":{"line":27,"column":0},"end":{"line":27,"column":14}},"27":{"start":{"line":28,"column":0},"end":{"line":28,"column":28}},"28":{"start":{"line":29,"column":0},"end":{"line":29,"column":25}},"29":{"start":{"line":30,"column":0},"end":{"line":30,"column":25}},"30":{"start":{"line":31,"column":0},"end":{"line":31,"column":25}},"31":{"start":{"line":32,"column":0},"end":{"line":32,"column":24}},"32":{"start":{"line":33,"column":0},"end":{"line":33,"column":21}},"33":{"start":{"line":34,"column":0},"end":{"line":34,"column":23}},"34":{"start":{"line":35,"column":0},"end":{"line":35,"column":22}},"35":{"start":{"line":36,"column":0},"end":{"line":36,"column":5}},"36":{"start":{"line":37,"column":0},"end":{"line":37,"column":27}},"37":{"start":{"line":38,"column":0},"end":{"line":38,"column":27}},"38":{"start":{"line":39,"column":0},"end":{"line":39,"column":25}},"39":{"start":{"line":40,"column":0},"end":{"line":40,"column":19}},"40":{"start":{"line":41,"column":0},"end":{"line":41,"column":25}},"41":{"start":{"line":42,"column":0},"end":{"line":42,"column":21}},"42":{"start":{"line":43,"column":0},"end":{"line":43,"column":23}},"43":{"start":{"line":44,"column":0},"end":{"line":44,"column":23}},"44":{"start":{"line":45,"column":0},"end":{"line":45,"column":3}},"45":{"start":{"line":46,"column":0},"end":{"line":46,"column":0}},"46":{"start":{"line":47,"column":0},"end":{"line":47,"column":2}},"47":{"start":{"line":48,"column":0},"end":{"line":48,"column":1}}},"s":{"0":1,"1":1,"2":1,"3":1,"4":1,"5":1,"6":1,"7":1,"8":1,"9":1,"10":1,"11":1,"12":1,"13":1,"14":1,"15":1,"16":2,"17":2,"18":2,"19":2,"20":2,"21":2,"22":2,"23":2,"24":1,"25":1,"26":1,"27":2,"28":2,"29":2,"30":2,"31":2,"32":2,"33":2,"34":2,"35":2,"36":2,"37":2,"38":2,"39":2,"40":2,"41":2,"42":2,"43":2,"44":2,"45":1,"46":1,"47":2},"branchMap":{"0":{"type":"branch","line":16,"loc":{"start":{"line":16,"column":2},"end":{"line":24,"column":18}},"locations":[{"start":{"line":16,"column":2},"end":{"line":24,"column":18}}]},"1":{"type":"branch","line":27,"loc":{"start":{"line":27,"column":2},"end":{"line":45,"column":3}},"locations":[{"start":{"line":27,"column":2},"end":{"line":45,"column":3}}]},"2":{"type":"branch","line":48,"loc":{"start":{"line":48,"column":0},"end":{"line":48,"column":1}},"locations":[{"start":{"line":48,"column":0},"end":{"line":48,"column":1}}]}},"b":{"0":[2],"1":[2],"2":[2]},"fnMap":{"0":{"name":"<instance_members_initializer>","decl":{"start":{"line":16,"column":2},"end":{"line":24,"column":18}},"loc":{"start":{"line":16,"column":2},"end":{"line":24,"column":18}},"line":16},"1":{"name":"ApiError","decl":{"start":{"line":27,"column":2},"end":{"line":45,"column":3}},"loc":{"start":{"line":27,"column":2},"end":{"line":45,"column":3}},"line":27},"2":{"name":"get","decl":{"start":{"line":48,"column":0},"end":{"line":48,"column":1}},"loc":{"start":{"line":48,"column":0},"end":{"line":48,"column":1}},"line":48}},"f":{"0":2,"1":2,"2":2}}
,"C:\\Users\\ijmar\\Develop\\NodeJS\\10-calendar\\src\\api\\auth.ts": {"path":"C:\\Users\\ijmar\\Develop\\NodeJS\\10-calendar\\src\\api\\auth.ts","all":false,"statementMap":{"0":{"start":{"line":1,"column":0},"end":{"line":1,"column":50}},"1":{"start":{"line":2,"column":0},"end":{"line":2,"column":65}},"2":{"start":{"line":3,"column":0},"end":{"line":3,"column":44}},"3":{"start":{"line":4,"column":0},"end":{"line":4,"column":0}},"4":{"start":{"line":5,"column":0},"end":{"line":5,"column":72}},"5":{"start":{"line":6,"column":0},"end":{"line":6,"column":23}},"6":{"start":{"line":7,"column":0},"end":{"line":7,"column":0}},"7":{"start":{"line":8,"column":0},"end":{"line":8,"column":50}},"8":{"start":{"line":9,"column":0},"end":{"line":9,"column":57}},"9":{"start":{"line":10,"column":0},"end":{"line":10,"column":0}},"10":{"start":{"line":11,"column":0},"end":{"line":11,"column":20}},"11":{"start":{"line":12,"column":0},"end":{"line":12,"column":2}},"12":{"start":{"line":13,"column":0},"end":{"line":13,"column":0}},"13":{"start":{"line":14,"column":0},"end":{"line":14,"column":56}},"14":{"start":{"line":15,"column":0},"end":{"line":15,"column":29}},"15":{"start":{"line":16,"column":0},"end":{"line":16,"column":43}},"16":{"start":{"line":17,"column":0},"end":{"line":17,"column":57}},"17":{"start":{"line":18,"column":0},"end":{"line":18,"column":0}},"18":{"start":{"line":19,"column":0},"end":{"line":19,"column":20}},"19":{"start":{"line":20,"column":0},"end":{"line":20,"column":2}},"20":{"start":{"line":21,"column":0},"end":{"line":21,"column":0}},"21":{"start":{"line":22,"column":0},"end":{"line":22,"column":0}},"22":{"start":{"line":23,"column":0},"end":{"line":23,"column":79}},"23":{"start":{"line":24,"column":0},"end":{"line":24,"column":27}},"24":{"start":{"line":25,"column":0},"end":{"line":25,"column":0}},"25":{"start":{"line":26,"column":0},"end":{"line":26,"column":50}},"26":{"start":{"line":27,"column":0},"end":{"line":27,"column":55}},"27":{"start":{"line":28,"column":0},"end":{"line":28,"column":0}},"28":{"start":{"line":29,"column":0},"end":{"line":29,"column":17}},"29":{"start":{"line":30,"column":0},"end":{"line":30,"column":2}}},"s":{"0":1,"1":1,"2":1,"3":1,"4":1,"5":0,"6":0,"7":0,"8":0,"9":0,"10":0,"11":2,"12":1,"13":1,"14":0,"15":0,"16":0,"17":0,"18":0,"19":2,"20":1,"21":1,"22":1,"23":0,"24":0,"25":0,"26":0,"27":0,"28":0,"29":2},"branchMap":{"0":{"type":"branch","line":12,"loc":{"start":{"line":12,"column":0},"end":{"line":12,"column":2}},"locations":[{"start":{"line":12,"column":0},"end":{"line":12,"column":2}}]},"1":{"type":"branch","line":20,"loc":{"start":{"line":20,"column":0},"end":{"line":20,"column":2}},"locations":[{"start":{"line":20,"column":0},"end":{"line":20,"column":2}}]},"2":{"type":"branch","line":30,"loc":{"start":{"line":30,"column":0},"end":{"line":30,"column":2}},"locations":[{"start":{"line":30,"column":0},"end":{"line":30,"column":2}}]}},"b":{"0":[2],"1":[2],"2":[2]},"fnMap":{"0":{"name":"login","decl":{"start":{"line":5,"column":21},"end":{"line":12,"column":2}},"loc":{"start":{"line":5,"column":21},"end":{"line":12,"column":2}},"line":5},"1":{"name":"get","decl":{"start":{"line":12,"column":0},"end":{"line":12,"column":2}},"loc":{"start":{"line":12,"column":0},"end":{"line":12,"column":2}},"line":12},"2":{"name":"renew","decl":{"start":{"line":14,"column":21},"end":{"line":20,"column":2}},"loc":{"start":{"line":14,"column":21},"end":{"line":20,"column":2}},"line":14},"3":{"name":"get","decl":{"start":{"line":20,"column":0},"end":{"line":20,"column":2}},"loc":{"start":{"line":20,"column":0},"end":{"line":20,"column":2}},"line":20},"4":{"name":"createUser","decl":{"start":{"line":23,"column":26},"end":{"line":30,"column":2}},"loc":{"start":{"line":23,"column":26},"end":{"line":30,"column":2}},"line":23},"5":{"name":"get","decl":{"start":{"line":30,"column":0},"end":{"line":30,"column":2}},"loc":{"start":{"line":30,"column":0},"end":{"line":30,"column":2}},"line":30}},"f":{"0":0,"1":2,"2":0,"3":2,"4":0,"5":2}}
,"C:\\Users\\ijmar\\Develop\\NodeJS\\10-calendar\\src\\api\\calendarApi.ts": {"path":"C:\\Users\\ijmar\\Develop\\NodeJS\\10-calendar\\src\\api\\calendarApi.ts","all":false,"statementMap":{"0":{"start":{"line":1,"column":0},"end":{"line":1,"column":42}},"1":{"start":{"line":2,"column":0},"end":{"line":2,"column":45}},"2":{"start":{"line":3,"column":0},"end":{"line":3,"column":39}},"3":{"start":{"line":4,"column":0},"end":{"line":4,"column":0}},"4":{"start":{"line":5,"column":0},"end":{"line":5,"column":43}},"5":{"start":{"line":6,"column":0},"end":{"line":6,"column":0}},"6":{"start":{"line":7,"column":0},"end":{"line":7,"column":41}},"7":{"start":{"line":8,"column":0},"end":{"line":8,"column":24}},"8":{"start":{"line":9,"column":0},"end":{"line":9,"column":3}},"9":{"start":{"line":10,"column":0},"end":{"line":10,"column":0}},"10":{"start":{"line":11,"column":0},"end":{"line":11,"column":50}},"11":{"start":{"line":12,"column":0},"end":{"line":12,"column":65}},"12":{"start":{"line":13,"column":0},"end":{"line":13,"column":16}},"13":{"start":{"line":14,"column":0},"end":{"line":14,"column":3}},"14":{"start":{"line":15,"column":0},"end":{"line":15,"column":0}},"15":{"start":{"line":16,"column":0},"end":{"line":16,"column":38}},"16":{"start":{"line":17,"column":0},"end":{"line":17,"column":17}},"17":{"start":{"line":18,"column":0},"end":{"line":18,"column":20}},"18":{"start":{"line":19,"column":0},"end":{"line":19,"column":4}},"19":{"start":{"line":20,"column":0},"end":{"line":20,"column":26}},"20":{"start":{"line":21,"column":0},"end":{"line":21,"column":23}},"21":{"start":{"line":22,"column":0},"end":{"line":22,"column":7}},"22":{"start":{"line":23,"column":0},"end":{"line":23,"column":59}},"23":{"start":{"line":24,"column":0},"end":{"line":24,"column":67}},"24":{"start":{"line":25,"column":0},"end":{"line":25,"column":8}},"25":{"start":{"line":26,"column":0},"end":{"line":26,"column":40}},"26":{"start":{"line":27,"column":0},"end":{"line":27,"column":20}},"27":{"start":{"line":28,"column":0},"end":{"line":28,"column":28}},"28":{"start":{"line":29,"column":0},"end":{"line":29,"column":27}},"29":{"start":{"line":30,"column":0},"end":{"line":30,"column":24}},"30":{"start":{"line":31,"column":0},"end":{"line":31,"column":18}},"31":{"start":{"line":32,"column":0},"end":{"line":32,"column":6}},"32":{"start":{"line":33,"column":0},"end":{"line":33,"column":3}},"33":{"start":{"line":34,"column":0},"end":{"line":34,"column":2}}},"s":{"0":1,"1":1,"2":1,"3":1,"4":1,"5":1,"6":1,"7":1,"8":1,"9":1,"10":1,"11":1,"12":1,"13":1,"14":1,"15":1,"16":1,"17":0,"18":0,"19":1,"20":1,"21":1,"22":1,"23":1,"24":1,"25":1,"26":1,"27":1,"28":1,"29":1,"30":1,"31":1,"32":1,"33":1},"branchMap":{"0":{"type":"branch","line":9,"loc":{"start":{"line":9,"column":1},"end":{"line":9,"column":3}},"locations":[{"start":{"line":9,"column":1},"end":{"line":9,"column":3}}]},"1":{"type":"branch","line":11,"loc":{"start":{"line":11,"column":37},"end":{"line":14,"column":3}},"locations":[{"start":{"line":11,"column":37},"end":{"line":14,"column":3}}]},"2":{"type":"branch","line":20,"loc":{"start":{"line":20,"column":2},"end":{"line":33,"column":3}},"locations":[{"start":{"line":20,"column":2},"end":{"line":33,"column":3}}]},"3":{"type":"branch","line":23,"loc":{"start":{"line":23,"column":47},"end":{"line":23,"column":59}},"locations":[{"start":{"line":23,"column":47},"end":{"line":23,"column":59}}]},"4":{"type":"branch","line":24,"loc":{"start":{"line":24,"column":55},"end":{"line":24,"column":67}},"locations":[{"start":{"line":24,"column":55},"end":{"line":24,"column":67}}]}},"b":{"0":[3],"1":[1],"2":[1],"3":[0],"4":[0]},"fnMap":{"0":{"name":"get","decl":{"start":{"line":9,"column":1},"end":{"line":9,"column":3}},"loc":{"start":{"line":9,"column":1},"end":{"line":9,"column":3}},"line":9},"1":{"name":"calendarApi.interceptors.response.use.__vite_ssr_import_2__.ApiError.xToken","decl":{"start":{"line":17,"column":2},"end":{"line":19,"column":4}},"loc":{"start":{"line":17,"column":2},"end":{"line":19,"column":4}},"line":17}},"f":{"0":3,"1":0}}
,"C:\\Users\\ijmar\\Develop\\NodeJS\\10-calendar\\src\\api\\events.ts": {"path":"C:\\Users\\ijmar\\Develop\\NodeJS\\10-calendar\\src\\api\\events.ts","all":false,"statementMap":{"0":{"start":{"line":1,"column":0},"end":{"line":1,"column":8}},"1":{"start":{"line":2,"column":0},"end":{"line":2,"column":23}},"2":{"start":{"line":3,"column":0},"end":{"line":3,"column":17}},"3":{"start":{"line":4,"column":0},"end":{"line":4,"column":27}},"4":{"start":{"line":5,"column":0},"end":{"line":5,"column":22}},"5":{"start":{"line":6,"column":0},"end":{"line":6,"column":18}},"6":{"start":{"line":7,"column":0},"end":{"line":7,"column":44}},"7":{"start":{"line":8,"column":0},"end":{"line":8,"column":0}},"8":{"start":{"line":9,"column":0},"end":{"line":9,"column":37}},"9":{"start":{"line":10,"column":0},"end":{"line":10,"column":28}},"10":{"start":{"line":11,"column":0},"end":{"line":11,"column":31}},"11":{"start":{"line":12,"column":0},"end":{"line":12,"column":26}},"12":{"start":{"line":13,"column":0},"end":{"line":13,"column":0}},"13":{"start":{"line":14,"column":0},"end":{"line":14,"column":51}},"14":{"start":{"line":15,"column":0},"end":{"line":15,"column":60}},"15":{"start":{"line":16,"column":0},"end":{"line":16,"column":14}},"16":{"start":{"line":17,"column":0},"end":{"line":17,"column":2}},"17":{"start":{"line":18,"column":0},"end":{"line":18,"column":0}},"18":{"start":{"line":19,"column":0},"end":{"line":19,"column":40}},"19":{"start":{"line":20,"column":0},"end":{"line":20,"column":26}},"20":{"start":{"line":21,"column":0},"end":{"line":21,"column":0}},"21":{"start":{"line":22,"column":0},"end":{"line":22,"column":43}},"22":{"start":{"line":23,"column":0},"end":{"line":23,"column":53}},"23":{"start":{"line":24,"column":0},"end":{"line":24,"column":0}},"24":{"start":{"line":25,"column":0},"end":{"line":25,"column":14}},"25":{"start":{"line":26,"column":0},"end":{"line":26,"column":2}},"26":{"start":{"line":27,"column":0},"end":{"line":27,"column":0}},"27":{"start":{"line":28,"column":0},"end":{"line":28,"column":61}},"28":{"start":{"line":29,"column":0},"end":{"line":29,"column":38}},"29":{"start":{"line":30,"column":0},"end":{"line":30,"column":0}},"30":{"start":{"line":31,"column":0},"end":{"line":31,"column":40}},"31":{"start":{"line":32,"column":0},"end":{"line":32,"column":13}},"32":{"start":{"line":33,"column":0},"end":{"line":33,"column":4}},"33":{"start":{"line":34,"column":0},"end":{"line":34,"column":0}},"34":{"start":{"line":35,"column":0},"end":{"line":35,"column":52}},"35":{"start":{"line":36,"column":0},"end":{"line":36,"column":60}},"36":{"start":{"line":37,"column":0},"end":{"line":37,"column":0}},"37":{"start":{"line":38,"column":0},"end":{"line":38,"column":14}},"38":{"start":{"line":39,"column":0},"end":{"line":39,"column":2}},"39":{"start":{"line":40,"column":0},"end":{"line":40,"column":0}},"40":{"start":{"line":41,"column":0},"end":{"line":41,"column":61}},"41":{"start":{"line":42,"column":0},"end":{"line":42,"column":38}},"42":{"start":{"line":43,"column":0},"end":{"line":43,"column":0}},"43":{"start":{"line":44,"column":0},"end":{"line":44,"column":46}},"44":{"start":{"line":45,"column":0},"end":{"line":45,"column":2}},"45":{"start":{"line":46,"column":0},"end":{"line":46,"column":66}},"46":{"start":{"line":47,"column":0},"end":{"line":47,"column":0}},"47":{"start":{"line":48,"column":0},"end":{"line":48,"column":14}},"48":{"start":{"line":49,"column":0},"end":{"line":49,"column":1}}},"s":{"0":1,"1":1,"2":1,"3":1,"4":1,"5":1,"6":1,"7":1,"8":1,"9":0,"10":0,"11":0,"12":0,"13":0,"14":0,"15":0,"16":1,"17":1,"18":1,"19":0,"20":0,"21":0,"22":0,"23":0,"24":0,"25":1,"26":1,"27":1,"28":0,"29":0,"30":0,"31":0,"32":0,"33":0,"34":0,"35":0,"36":0,"37":0,"38":1,"39":1,"40":1,"41":0,"42":0,"43":0,"44":0,"45":0,"46":0,"47":0,"48":1},"branchMap":{"0":{"type":"branch","line":17,"loc":{"start":{"line":17,"column":0},"end":{"line":17,"column":2}},"locations":[{"start":{"line":17,"column":0},"end":{"line":17,"column":2}}]},"1":{"type":"branch","line":26,"loc":{"start":{"line":26,"column":0},"end":{"line":26,"column":2}},"locations":[{"start":{"line":26,"column":0},"end":{"line":26,"column":2}}]},"2":{"type":"branch","line":39,"loc":{"start":{"line":39,"column":0},"end":{"line":39,"column":2}},"locations":[{"start":{"line":39,"column":0},"end":{"line":39,"column":2}}]},"3":{"type":"branch","line":49,"loc":{"start":{"line":49,"column":0},"end":{"line":49,"column":1}},"locations":[{"start":{"line":49,"column":0},"end":{"line":49,"column":1}}]}},"b":{"0":[1],"1":[1],"2":[1],"3":[1]},"fnMap":{"0":{"name":"createNewEvent","decl":{"start":{"line":9,"column":30},"end":{"line":17,"column":2}},"loc":{"start":{"line":9,"column":30},"end":{"line":17,"column":2}},"line":9},"1":{"name":"get","decl":{"start":{"line":17,"column":0},"end":{"line":17,"column":2}},"loc":{"start":{"line":17,"column":0},"end":{"line":17,"column":2}},"line":17},"2":{"name":"fetchEvents","decl":{"start":{"line":19,"column":27},"end":{"line":26,"column":2}},"loc":{"start":{"line":19,"column":27},"end":{"line":26,"column":2}},"line":19},"3":{"name":"get","decl":{"start":{"line":26,"column":0},"end":{"line":26,"column":2}},"loc":{"start":{"line":26,"column":0},"end":{"line":26,"column":2}},"line":26},"4":{"name":"updateEvent","decl":{"start":{"line":28,"column":27},"end":{"line":39,"column":2}},"loc":{"start":{"line":28,"column":27},"end":{"line":39,"column":2}},"line":28},"5":{"name":"get","decl":{"start":{"line":39,"column":0},"end":{"line":39,"column":2}},"loc":{"start":{"line":39,"column":0},"end":{"line":39,"column":2}},"line":39},"6":{"name":"deleteEvent","decl":{"start":{"line":41,"column":27},"end":{"line":49,"column":1}},"loc":{"start":{"line":41,"column":27},"end":{"line":49,"column":1}},"line":41},"7":{"name":"get","decl":{"start":{"line":49,"column":0},"end":{"line":49,"column":1}},"loc":{"start":{"line":49,"column":0},"end":{"line":49,"column":1}},"line":49}},"f":{"0":0,"1":1,"2":0,"3":1,"4":0,"5":1,"6":0,"7":1}}
,"C:\\Users\\ijmar\\Develop\\NodeJS\\10-calendar\\src\\api\\index.ts": {"path":"C:\\Users\\ijmar\\Develop\\NodeJS\\10-calendar\\src\\api\\index.ts","all":false,"statementMap":{"0":{"start":{"line":1,"column":0},"end":{"line":1,"column":23}},"1":{"start":{"line":2,"column":0},"end":{"line":2,"column":30}},"2":{"start":{"line":3,"column":0},"end":{"line":3,"column":25}}},"s":{"0":1,"1":1,"2":1},"branchMap":{},"b":{},"fnMap":{},"f":{}}
,"C:\\Users\\ijmar\\Develop\\NodeJS\\10-calendar\\src\\helpers\\calendarLocalizer.ts": {"path":"C:\\Users\\ijmar\\Develop\\NodeJS\\10-calendar\\src\\helpers\\calendarLocalizer.ts","all":false,"statementMap":{"0":{"start":{"line":1,"column":0},"end":{"line":1,"column":36}},"1":{"start":{"line":2,"column":0},"end":{"line":2,"column":34}},"2":{"start":{"line":3,"column":0},"end":{"line":3,"column":46}},"3":{"start":{"line":4,"column":0},"end":{"line":4,"column":36}},"4":{"start":{"line":5,"column":0},"end":{"line":5,"column":35}},"5":{"start":{"line":6,"column":0},"end":{"line":6,"column":53}},"6":{"start":{"line":7,"column":0},"end":{"line":7,"column":0}},"7":{"start":{"line":8,"column":0},"end":{"line":8,"column":17}},"8":{"start":{"line":9,"column":0},"end":{"line":9,"column":11}},"9":{"start":{"line":10,"column":0},"end":{"line":10,"column":1}},"10":{"start":{"line":11,"column":0},"end":{"line":11,"column":0}},"11":{"start":{"line":12,"column":0},"end":{"line":12,"column":43}},"12":{"start":{"line":13,"column":0},"end":{"line":13,"column":9}},"13":{"start":{"line":14,"column":0},"end":{"line":14,"column":8}},"14":{"start":{"line":15,"column":0},"end":{"line":15,"column":14}},"15":{"start":{"line":16,"column":0},"end":{"line":16,"column":9}},"16":{"start":{"line":17,"column":0},"end":{"line":17,"column":10}},"17":{"start":{"line":18,"column":0},"end":{"line":18,"column":3}},"18":{"start":{"line":19,"column":0},"end":{"line":19,"column":0}},"19":{"start":{"line":20,"column":0},"end":{"line":20,"column":25}},"20":{"start":{"line":21,"column":0},"end":{"line":21,"column":26}},"21":{"start":{"line":22,"column":0},"end":{"line":22,"column":18}},"22":{"start":{"line":23,"column":0},"end":{"line":23,"column":14}},"23":{"start":{"line":24,"column":0},"end":{"line":24,"column":17}},"24":{"start":{"line":25,"column":0},"end":{"line":25,"column":17}},"25":{"start":{"line":26,"column":0},"end":{"line":26,"column":19}},"26":{"start":{"line":27,"column":0},"end":{"line":27,"column":15}},"27":{"start":{"line":28,"column":0},"end":{"line":28,"column":21}},"28":{"start":{"line":29,"column":0},"end":{"line":29,"column":18}},"29":{"start":{"line":30,"column":0},"end":{"line":30,"column":17}},"30":{"start":{"line":31,"column":0},"end":{"line":31,"column":20}},"31":{"start":{"line":32,"column":0},"end":{"line":32,"column":52}},"32":{"start":{"line":33,"column":0},"end":{"line":33,"column":54}},"33":{"start":{"line":34,"column":0},"end":{"line":34,"column":2}}},"s":{"0":1,"1":1,"2":1,"3":1,"4":1,"5":1,"6":1,"7":1,"8":1,"9":1,"10":1,"11":1,"12":1,"13":1,"14":1,"15":1,"16":1,"17":1,"18":1,"19":1,"20":1,"21":1,"22":1,"23":1,"24":1,"25":1,"26":1,"27":1,"28":1,"29":1,"30":1,"31":1,"32":1,"33":0},"branchMap":{},"b":{},"fnMap":{"0":{"name":"get","decl":{"start":{"line":18,"column":1},"end":{"line":18,"column":3}},"loc":{"start":{"line":18,"column":1},"end":{"line":18,"column":3}},"line":18},"1":{"name":"showMore","decl":{"start":{"line":33,"column":14},"end":{"line":33,"column":54}},"loc":{"start":{"line":33,"column":14},"end":{"line":33,"column":54}},"line":33},"2":{"name":"get","decl":{"start":{"line":34,"column":0},"end":{"line":34,"column":2}},"loc":{"start":{"line":34,"column":0},"end":{"line":34,"column":2}},"line":34}},"f":{"0":0,"1":0,"2":0}}
,"C:\\Users\\ijmar\\Develop\\NodeJS\\10-calendar\\src\\helpers\\getEnvVariables.ts": {"path":"C:\\Users\\ijmar\\Develop\\NodeJS\\10-calendar\\src\\helpers\\getEnvVariables.ts","all":false,"statementMap":{"0":{"start":{"line":1,"column":0},"end":{"line":1,"column":38}},"1":{"start":{"line":2,"column":0},"end":{"line":2,"column":10}},"2":{"start":{"line":3,"column":0},"end":{"line":3,"column":23}},"3":{"start":{"line":4,"column":0},"end":{"line":4,"column":3}},"4":{"start":{"line":5,"column":0},"end":{"line":5,"column":1}}},"s":{"0":1,"1":9,"2":9,"3":9,"4":9},"branchMap":{"0":{"type":"branch","line":1,"loc":{"start":{"line":1,"column":37},"end":{"line":5,"column":1}},"locations":[{"start":{"line":1,"column":37},"end":{"line":5,"column":1}}]},"1":{"type":"branch","line":5,"loc":{"start":{"line":5,"column":0},"end":{"line":5,"column":1}},"locations":[{"start":{"line":5,"column":0},"end":{"line":5,"column":1}}]}},"b":{"0":[9],"1":[9]},"fnMap":{"0":{"name":"getEnvVariables","decl":{"start":{"line":1,"column":37},"end":{"line":5,"column":1}},"loc":{"start":{"line":1,"column":37},"end":{"line":5,"column":1}},"line":1},"1":{"name":"get","decl":{"start":{"line":5,"column":0},"end":{"line":5,"column":1}},"loc":{"start":{"line":5,"column":0},"end":{"line":5,"column":1}},"line":5}},"f":{"0":9,"1":9}}
,"C:\\Users\\ijmar\\Develop\\NodeJS\\10-calendar\\src\\helpers\\index.ts": {"path":"C:\\Users\\ijmar\\Develop\\NodeJS\\10-calendar\\src\\helpers\\index.ts","all":false,"statementMap":{"0":{"start":{"line":1,"column":0},"end":{"line":1,"column":36}},"1":{"start":{"line":2,"column":0},"end":{"line":2,"column":34}}},"s":{"0":1,"1":1},"branchMap":{},"b":{},"fnMap":{},"f":{}}
,"C:\\Users\\ijmar\\Develop\\NodeJS\\10-calendar\\src\\hooks\\index.ts": {"path":"C:\\Users\\ijmar\\Develop\\NodeJS\\10-calendar\\src\\hooks\\index.ts","all":false,"statementMap":{"0":{"start":{"line":1,"column":0},"end":{"line":1,"column":31}},"1":{"start":{"line":2,"column":0},"end":{"line":2,"column":35}},"2":{"start":{"line":3,"column":0},"end":{"line":3,"column":29}}},"s":{"0":1,"1":1,"2":1},"branchMap":{},"b":{},"fnMap":{},"f":{}}
,"C:\\Users\\ijmar\\Develop\\NodeJS\\10-calendar\\src\\hooks\\useAuthStore.ts": {"path":"C:\\Users\\ijmar\\Develop\\NodeJS\\10-calendar\\src\\hooks\\useAuthStore.ts","all":false,"statementMap":{"0":{"start":{"line":1,"column":0},"end":{"line":1,"column":71}},"1":{"start":{"line":2,"column":0},"end":{"line":2,"column":57}},"2":{"start":{"line":3,"column":0},"end":{"line":3,"column":0}},"3":{"start":{"line":4,"column":0},"end":{"line":4,"column":35}},"4":{"start":{"line":5,"column":0},"end":{"line":5,"column":0}},"5":{"start":{"line":6,"column":0},"end":{"line":6,"column":54}},"6":{"start":{"line":7,"column":0},"end":{"line":7,"column":36}},"7":{"start":{"line":8,"column":0},"end":{"line":8,"column":2}},"8":{"start":{"line":9,"column":0},"end":{"line":9,"column":38}},"9":{"start":{"line":10,"column":0},"end":{"line":10,"column":51}},"10":{"start":{"line":11,"column":0},"end":{"line":11,"column":0}},"11":{"start":{"line":12,"column":0},"end":{"line":12,"column":15}},"12":{"start":{"line":13,"column":0},"end":{"line":13,"column":34}},"13":{"start":{"line":14,"column":0},"end":{"line":14,"column":5}},"14":{"start":{"line":15,"column":0},"end":{"line":15,"column":3}},"15":{"start":{"line":16,"column":0},"end":{"line":16,"column":0}},"16":{"start":{"line":17,"column":0},"end":{"line":17,"column":10}},"17":{"start":{"line":18,"column":0},"end":{"line":18,"column":9}},"18":{"start":{"line":19,"column":0},"end":{"line":19,"column":19}},"19":{"start":{"line":20,"column":0},"end":{"line":20,"column":3}},"20":{"start":{"line":21,"column":0},"end":{"line":21,"column":2}}},"s":{"0":1,"1":1,"2":1,"3":1,"4":7,"5":7,"6":7,"7":7,"8":7,"9":2,"10":2,"11":2,"12":2,"13":2,"14":2,"15":7,"16":7,"17":7,"18":7,"19":7,"20":7},"branchMap":{"0":{"type":"branch","line":4,"loc":{"start":{"line":4,"column":28},"end":{"line":21,"column":2}},"locations":[{"start":{"line":4,"column":28},"end":{"line":21,"column":2}}]},"1":{"type":"branch","line":6,"loc":{"start":{"line":6,"column":30},"end":{"line":6,"column":52}},"locations":[{"start":{"line":6,"column":30},"end":{"line":6,"column":52}}]},"2":{"type":"branch","line":9,"loc":{"start":{"line":9,"column":25},"end":{"line":15,"column":3}},"locations":[{"start":{"line":9,"column":25},"end":{"line":15,"column":3}}]},"3":{"type":"branch","line":21,"loc":{"start":{"line":21,"column":0},"end":{"line":21,"column":2}},"locations":[{"start":{"line":21,"column":0},"end":{"line":21,"column":2}}]}},"b":{"0":[7],"1":[11],"2":[2],"3":[7]},"fnMap":{"0":{"name":"useAuthStore","decl":{"start":{"line":4,"column":28},"end":{"line":21,"column":2}},"loc":{"start":{"line":4,"column":28},"end":{"line":21,"column":2}},"line":4},"1":{"name":"checkAuthToken","decl":{"start":{"line":9,"column":25},"end":{"line":15,"column":3}},"loc":{"start":{"line":9,"column":25},"end":{"line":15,"column":3}},"line":9},"2":{"name":"get","decl":{"start":{"line":21,"column":0},"end":{"line":21,"column":2}},"loc":{"start":{"line":21,"column":0},"end":{"line":21,"column":2}},"line":21}},"f":{"0":7,"1":2,"2":7}}
,"C:\\Users\\ijmar\\Develop\\NodeJS\\10-calendar\\src\\hooks\\useCalendarStore.ts": {"path":"C:\\Users\\ijmar\\Develop\\NodeJS\\10-calendar\\src\\hooks\\useCalendarStore.ts","all":false,"statementMap":{"0":{"start":{"line":1,"column":0},"end":{"line":1,"column":47}},"1":{"start":{"line":2,"column":0},"end":{"line":2,"column":44}},"2":{"start":{"line":3,"column":0},"end":{"line":3,"column":8}},"3":{"start":{"line":4,"column":0},"end":{"line":4,"column":19}},"4":{"start":{"line":5,"column":0},"end":{"line":5,"column":19}},"5":{"start":{"line":6,"column":0},"end":{"line":6,"column":19}},"6":{"start":{"line":7,"column":0},"end":{"line":7,"column":19}},"7":{"start":{"line":8,"column":0},"end":{"line":8,"column":19}},"8":{"start":{"line":9,"column":0},"end":{"line":9,"column":17}},"9":{"start":{"line":10,"column":0},"end":{"line":10,"column":17}},"10":{"start":{"line":11,"column":0},"end":{"line":11,"column":18}},"11":{"start":{"line":12,"column":0},"end":{"line":12,"column":8}},"12":{"start":{"line":13,"column":0},"end":{"line":13,"column":17}},"13":{"start":{"line":14,"column":0},"end":{"line":14,"column":20}},"14":{"start":{"line":15,"column":0},"end":{"line":15,"column":32}},"15":{"start":{"line":16,"column":0},"end":{"line":16,"column":18}},"16":{"start":{"line":17,"column":0},"end":{"line":17,"column":0}},"17":{"start":{"line":18,"column":0},"end":{"line":18,"column":39}},"18":{"start":{"line":19,"column":0},"end":{"line":19,"column":92}},"19":{"start":{"line":20,"column":0},"end":{"line":20,"column":36}},"20":{"start":{"line":21,"column":0},"end":{"line":21,"column":0}},"21":{"start":{"line":22,"column":0},"end":{"line":22,"column":63}},"22":{"start":{"line":23,"column":0},"end":{"line":23,"column":35}},"23":{"start":{"line":24,"column":0},"end":{"line":24,"column":8}},"24":{"start":{"line":25,"column":0},"end":{"line":25,"column":0}},"25":{"start":{"line":26,"column":0},"end":{"line":26,"column":0}},"26":{"start":{"line":27,"column":0},"end":{"line":27,"column":68}},"27":{"start":{"line":28,"column":0},"end":{"line":28,"column":38}},"28":{"start":{"line":29,"column":0},"end":{"line":29,"column":4}},"29":{"start":{"line":30,"column":0},"end":{"line":30,"column":0}},"30":{"start":{"line":31,"column":0},"end":{"line":31,"column":56}},"31":{"start":{"line":32,"column":0},"end":{"line":32,"column":38}},"32":{"start":{"line":33,"column":0},"end":{"line":33,"column":4}},"33":{"start":{"line":34,"column":0},"end":{"line":34,"column":0}},"34":{"start":{"line":35,"column":0},"end":{"line":35,"column":29}},"35":{"start":{"line":36,"column":0},"end":{"line":36,"column":33}},"36":{"start":{"line":37,"column":0},"end":{"line":37,"column":4}},"37":{"start":{"line":38,"column":0},"end":{"line":38,"column":0}},"38":{"start":{"line":39,"column":0},"end":{"line":39,"column":50}},"39":{"start":{"line":40,"column":0},"end":{"line":40,"column":38}},"40":{"start":{"line":41,"column":0},"end":{"line":41,"column":4}},"41":{"start":{"line":42,"column":0},"end":{"line":42,"column":0}},"42":{"start":{"line":43,"column":0},"end":{"line":43,"column":50}},"43":{"start":{"line":44,"column":0},"end":{"line":44,"column":38}},"44":{"start":{"line":45,"column":0},"end":{"line":45,"column":4}},"45":{"start":{"line":46,"column":0},"end":{"line":46,"column":0}},"46":{"start":{"line":47,"column":0},"end":{"line":47,"column":27}},"47":{"start":{"line":48,"column":0},"end":{"line":48,"column":51}},"48":{"start":{"line":49,"column":0},"end":{"line":49,"column":26}},"49":{"start":{"line":50,"column":0},"end":{"line":50,"column":39}},"50":{"start":{"line":51,"column":0},"end":{"line":51,"column":14}},"51":{"start":{"line":52,"column":0},"end":{"line":52,"column":14}},"52":{"start":{"line":53,"column":0},"end":{"line":53,"column":35}},"53":{"start":{"line":54,"column":0},"end":{"line":54,"column":31}},"54":{"start":{"line":55,"column":0},"end":{"line":55,"column":8}},"55":{"start":{"line":56,"column":0},"end":{"line":56,"column":7}},"56":{"start":{"line":57,"column":0},"end":{"line":57,"column":4}},"57":{"start":{"line":58,"column":0},"end":{"line":58,"column":0}},"58":{"start":{"line":59,"column":0},"end":{"line":59,"column":29}},"59":{"start":{"line":60,"column":0},"end":{"line":60,"column":36}},"60":{"start":{"line":61,"column":0},"end":{"line":61,"column":41}},"61":{"start":{"line":62,"column":0},"end":{"line":62,"column":39}},"62":{"start":{"line":63,"column":0},"end":{"line":63,"column":14}},"63":{"start":{"line":64,"column":0},"end":{"line":64,"column":14}},"64":{"start":{"line":65,"column":0},"end":{"line":65,"column":34}},"65":{"start":{"line":66,"column":0},"end":{"line":66,"column":30}},"66":{"start":{"line":67,"column":0},"end":{"line":67,"column":8}},"67":{"start":{"line":68,"column":0},"end":{"line":68,"column":7}},"68":{"start":{"line":69,"column":0},"end":{"line":69,"column":4}},"69":{"start":{"line":70,"column":0},"end":{"line":70,"column":0}},"70":{"start":{"line":71,"column":0},"end":{"line":71,"column":19}},"71":{"start":{"line":72,"column":0},"end":{"line":72,"column":26}},"72":{"start":{"line":73,"column":0},"end":{"line":73,"column":34}},"73":{"start":{"line":74,"column":0},"end":{"line":74,"column":16}},"74":{"start":{"line":75,"column":0},"end":{"line":75,"column":16}},"75":{"start":{"line":76,"column":0},"end":{"line":76,"column":36}},"76":{"start":{"line":77,"column":0},"end":{"line":77,"column":32}},"77":{"start":{"line":78,"column":0},"end":{"line":78,"column":10}},"78":{"start":{"line":79,"column":0},"end":{"line":79,"column":8}},"79":{"start":{"line":80,"column":0},"end":{"line":80,"column":6}},"80":{"start":{"line":81,"column":0},"end":{"line":81,"column":23}},"81":{"start":{"line":82,"column":0},"end":{"line":82,"column":0}},"82":{"start":{"line":83,"column":0},"end":{"line":83,"column":10}},"83":{"start":{"line":84,"column":0},"end":{"line":84,"column":16}},"84":{"start":{"line":85,"column":0},"end":{"line":85,"column":19}},"85":{"start":{"line":86,"column":0},"end":{"line":86,"column":23}},"86":{"start":{"line":87,"column":0},"end":{"line":87,"column":27}},"87":{"start":{"line":88,"column":0},"end":{"line":88,"column":20}},"88":{"start":{"line":89,"column":0},"end":{"line":89,"column":22}},"89":{"start":{"line":90,"column":0},"end":{"line":90,"column":19}},"90":{"start":{"line":91,"column":0},"end":{"line":91,"column":16}},"91":{"start":{"line":92,"column":0},"end":{"line":92,"column":16}},"92":{"start":{"line":93,"column":0},"end":{"line":93,"column":16}},"93":{"start":{"line":94,"column":0},"end":{"line":94,"column":4}},"94":{"start":{"line":95,"column":0},"end":{"line":95,"column":2}}},"s":{"0":1,"1":1,"2":1,"3":1,"4":1,"5":1,"6":1,"7":1,"8":1,"9":1,"10":1,"11":1,"12":1,"13":1,"14":1,"15":1,"16":1,"17":1,"18":0,"19":0,"20":0,"21":0,"22":0,"23":0,"24":0,"25":0,"26":0,"27":0,"28":0,"29":0,"30":0,"31":0,"32":0,"33":0,"34":0,"35":0,"36":0,"37":0,"38":0,"39":0,"40":0,"41":0,"42":0,"43":0,"44":0,"45":0,"46":0,"47":0,"48":0,"49":0,"50":0,"51":0,"52":0,"53":0,"54":0,"55":0,"56":0,"57":0,"58":0,"59":0,"60":0,"61":0,"62":0,"63":0,"64":0,"65":0,"66":0,"67":0,"68":0,"69":0,"70":0,"71":0,"72":0,"73":0,"74":0,"75":0,"76":0,"77":0,"78":0,"79":0,"80":0,"81":0,"82":0,"83":0,"84":0,"85":0,"86":0,"87":0,"88":0,"89":0,"90":0,"91":0,"92":0,"93":0,"94":0},"branchMap":{},"b":{},"fnMap":{"0":{"name":"useCalendarStore","decl":{"start":{"line":18,"column":32},"end":{"line":95,"column":2}},"loc":{"start":{"line":18,"column":32},"end":{"line":95,"column":2}},"line":18},"1":{"name":"get","decl":{"start":{"line":95,"column":0},"end":{"line":95,"column":2}},"loc":{"start":{"line":95,"column":0},"end":{"line":95,"column":2}},"line":95}},"f":{"0":0,"1":0}}
,"C:\\Users\\ijmar\\Develop\\NodeJS\\10-calendar\\src\\hooks\\useUIStore.ts": {"path":"C:\\Users\\ijmar\\Develop\\NodeJS\\10-calendar\\src\\hooks\\useUIStore.ts","all":false,"statementMap":{"0":{"start":{"line":1,"column":0},"end":{"line":1,"column":52}},"1":{"start":{"line":2,"column":0},"end":{"line":2,"column":57}},"2":{"start":{"line":3,"column":0},"end":{"line":3,"column":0}},"3":{"start":{"line":4,"column":0},"end":{"line":4,"column":33}},"4":{"start":{"line":5,"column":0},"end":{"line":5,"column":74}},"5":{"start":{"line":6,"column":0},"end":{"line":6,"column":36}},"6":{"start":{"line":7,"column":0},"end":{"line":7,"column":0}},"7":{"start":{"line":8,"column":0},"end":{"line":8,"column":31}},"8":{"start":{"line":9,"column":0},"end":{"line":9,"column":34}},"9":{"start":{"line":10,"column":0},"end":{"line":10,"column":4}},"10":{"start":{"line":11,"column":0},"end":{"line":11,"column":0}},"11":{"start":{"line":12,"column":0},"end":{"line":12,"column":32}},"12":{"start":{"line":13,"column":0},"end":{"line":13,"column":35}},"13":{"start":{"line":14,"column":0},"end":{"line":14,"column":4}},"14":{"start":{"line":15,"column":0},"end":{"line":15,"column":0}},"15":{"start":{"line":16,"column":0},"end":{"line":16,"column":10}},"16":{"start":{"line":17,"column":0},"end":{"line":17,"column":20}},"17":{"start":{"line":18,"column":0},"end":{"line":18,"column":18}},"18":{"start":{"line":19,"column":0},"end":{"line":19,"column":19}},"19":{"start":{"line":20,"column":0},"end":{"line":20,"column":4}},"20":{"start":{"line":21,"column":0},"end":{"line":21,"column":2}}},"s":{"0":1,"1":1,"2":1,"3":1,"4":5,"5":5,"6":5,"7":5,"8":2,"9":2,"10":5,"11":5,"12":1,"13":1,"14":5,"15":5,"16":5,"17":5,"18":5,"19":5,"20":5},"branchMap":{"0":{"type":"branch","line":4,"loc":{"start":{"line":4,"column":26},"end":{"line":21,"column":2}},"locations":[{"start":{"line":4,"column":26},"end":{"line":21,"column":2}}]},"1":{"type":"branch","line":5,"loc":{"start":{"line":5,"column":41},"end":{"line":5,"column":72}},"locations":[{"start":{"line":5,"column":41},"end":{"line":5,"column":72}}]},"2":{"type":"branch","line":8,"loc":{"start":{"line":8,"column":24},"end":{"line":10,"column":4}},"locations":[{"start":{"line":8,"column":24},"end":{"line":10,"column":4}}]},"3":{"type":"branch","line":12,"loc":{"start":{"line":12,"column":25},"end":{"line":14,"column":4}},"locations":[{"start":{"line":12,"column":25},"end":{"line":14,"column":4}}]},"4":{"type":"branch","line":21,"loc":{"start":{"line":21,"column":0},"end":{"line":21,"column":2}},"locations":[{"start":{"line":21,"column":0},"end":{"line":21,"column":2}}]}},"b":{"0":[5],"1":[8],"2":[2],"3":[1],"4":[5]},"fnMap":{"0":{"name":"useUIStore","decl":{"start":{"line":4,"column":26},"end":{"line":21,"column":2}},"loc":{"start":{"line":4,"column":26},"end":{"line":21,"column":2}},"line":4},"1":{"name":"openDateModal","decl":{"start":{"line":8,"column":24},"end":{"line":10,"column":4}},"loc":{"start":{"line":8,"column":24},"end":{"line":10,"column":4}},"line":8},"2":{"name":"closeDateModal","decl":{"start":{"line":12,"column":25},"end":{"line":14,"column":4}},"loc":{"start":{"line":12,"column":25},"end":{"line":14,"column":4}},"line":12},"3":{"name":"get","decl":{"start":{"line":21,"column":0},"end":{"line":21,"column":2}},"loc":{"start":{"line":21,"column":0},"end":{"line":21,"column":2}},"line":21}},"f":{"0":5,"1":2,"2":1,"3":5}}
,"C:\\Users\\ijmar\\Develop\\NodeJS\\10-calendar\\src\\store\\hooks.ts": {"path":"C:\\Users\\ijmar\\Develop\\NodeJS\\10-calendar\\src\\store\\hooks.ts","all":false,"statementMap":{"0":{"start":{"line":1,"column":0},"end":{"line":1,"column":77}},"1":{"start":{"line":2,"column":0},"end":{"line":2,"column":59}},"2":{"start":{"line":3,"column":0},"end":{"line":3,"column":0}},"3":{"start":{"line":4,"column":0},"end":{"line":4,"column":39}},"4":{"start":{"line":5,"column":0},"end":{"line":5,"column":56}},"5":{"start":{"line":6,"column":0},"end":{"line":6,"column":75}}},"s":{"0":1,"1":1,"2":1,"3":1,"4":1,"5":1},"branchMap":{"0":{"type":"branch","line":5,"loc":{"start":{"line":5,"column":44},"end":{"line":5,"column":56}},"locations":[{"start":{"line":5,"column":44},"end":{"line":5,"column":56}}]},"1":{"type":"branch","line":6,"loc":{"start":{"line":6,"column":63},"end":{"line":6,"column":75}},"locations":[{"start":{"line":6,"column":63},"end":{"line":6,"column":75}}]}},"b":{"0":[12],"1":[12]},"fnMap":{"0":{"name":"get","decl":{"start":{"line":5,"column":44},"end":{"line":5,"column":56}},"loc":{"start":{"line":5,"column":44},"end":{"line":5,"column":56}},"line":5},"1":{"name":"get","decl":{"start":{"line":6,"column":63},"end":{"line":6,"column":75}},"loc":{"start":{"line":6,"column":63},"end":{"line":6,"column":75}},"line":6}},"f":{"0":12,"1":12}}
,"C:\\Users\\ijmar\\Develop\\NodeJS\\10-calendar\\src\\store\\index.ts": {"path":"C:\\Users\\ijmar\\Develop\\NodeJS\\10-calendar\\src\\store\\index.ts","all":false,"statementMap":{"0":{"start":{"line":1,"column":0},"end":{"line":1,"column":23}},"1":{"start":{"line":2,"column":0},"end":{"line":2,"column":32}},"2":{"start":{"line":3,"column":0},"end":{"line":3,"column":30}},"3":{"start":{"line":4,"column":0},"end":{"line":4,"column":27}},"4":{"start":{"line":5,"column":0},"end":{"line":5,"column":34}},"5":{"start":{"line":6,"column":0},"end":{"line":6,"column":24}},"6":{"start":{"line":7,"column":0},"end":{"line":7,"column":43}},"7":{"start":{"line":8,"column":0},"end":{"line":8,"column":29}},"8":{"start":{"line":9,"column":0},"end":{"line":9,"column":21}}},"s":{"0":1,"1":1,"2":1,"3":1,"4":1,"5":1,"6":1,"7":1,"8":1},"branchMap":{},"b":{},"fnMap":{"0":{"name":"get","decl":{"start":{"line":7,"column":33},"end":{"line":7,"column":43}},"loc":{"start":{"line":7,"column":33},"end":{"line":7,"column":43}},"line":7}},"f":{"0":0}}
,"C:\\Users\\ijmar\\Develop\\NodeJS\\10-calendar\\src\\store\\store.ts": {"path":"C:\\Users\\ijmar\\Develop\\NodeJS\\10-calendar\\src\\store\\store.ts","all":false,"statementMap":{"0":{"start":{"line":1,"column":0},"end":{"line":1,"column":37}},"1":{"start":{"line":2,"column":0},"end":{"line":2,"column":50}},"2":{"start":{"line":3,"column":0},"end":{"line":3,"column":50}},"3":{"start":{"line":4,"column":0},"end":{"line":4,"column":61}},"4":{"start":{"line":5,"column":0},"end":{"line":5,"column":44}},"5":{"start":{"line":6,"column":0},"end":{"line":6,"column":0}},"6":{"start":{"line":7,"column":0},"end":{"line":7,"column":36}},"7":{"start":{"line":8,"column":0},"end":{"line":8,"column":20}},"8":{"start":{"line":9,"column":0},"end":{"line":9,"column":28}},"9":{"start":{"line":10,"column":0},"end":{"line":10,"column":16}},"10":{"start":{"line":11,"column":0},"end":{"line":11,"column":1}},"11":{"start":{"line":12,"column":0},"end":{"line":12,"column":0}},"12":{"start":{"line":13,"column":0},"end":{"line":13,"column":30}},"13":{"start":{"line":14,"column":0},"end":{"line":14,"column":0}},"14":{"start":{"line":15,"column":0},"end":{"line":15,"column":12}},"15":{"start":{"line":16,"column":0},"end":{"line":16,"column":18}},"16":{"start":{"line":17,"column":0},"end":{"line":17,"column":29}},"17":{"start":{"line":18,"column":0},"end":{"line":18,"column":22}},"18":{"start":{"line":19,"column":0},"end":{"line":19,"column":4}},"19":{"start":{"line":20,"column":0},"end":{"line":20,"column":30}},"20":{"start":{"line":21,"column":0},"end":{"line":21,"column":3}},"21":{"start":{"line":22,"column":0},"end":{"line":22,"column":0}},"22":{"start":{"line":23,"column":0},"end":{"line":23,"column":21}}},"s":{"0":1,"1":1,"2":1,"3":1,"4":1,"5":1,"6":1,"7":1,"8":1,"9":1,"10":1,"11":1,"12":1,"13":1,"14":1,"15":1,"16":1,"17":1,"18":1,"19":1,"20":1,"21":1,"22":1},"branchMap":{},"b":{},"fnMap":{},"f":{}}
,"C:\\Users\\ijmar\\Develop\\NodeJS\\10-calendar\\src\\store\\storeTypes.ts": {"path":"C:\\Users\\ijmar\\Develop\\NodeJS\\10-calendar\\src\\store\\storeTypes.ts","all":false,"statementMap":{"0":{"start":{"line":1,"column":0},"end":{"line":1,"column":28}},"1":{"start":{"line":2,"column":0},"end":{"line":2,"column":0}},"2":{"start":{"line":3,"column":0},"end":{"line":3,"column":70}},"3":{"start":{"line":4,"column":0},"end":{"line":4,"column":58}},"4":{"start":{"line":5,"column":0},"end":{"line":5,"column":81}},"5":{"start":{"line":6,"column":0},"end":{"line":6,"column":48}}},"s":{"0":8,"1":8,"2":8,"3":8,"4":8,"5":8},"branchMap":{"0":{"type":"branch","line":1,"loc":{"start":{"line":1,"column":0},"end":{"line":6,"column":48}},"locations":[{"start":{"line":1,"column":0},"end":{"line":6,"column":48}}]},"1":{"type":"branch","line":1,"loc":{"start":{"line":1,"column":13},"end":{"line":6,"column":48}},"locations":[{"start":{"line":1,"column":13},"end":{"line":6,"column":48}}]}},"b":{"0":[8],"1":[8]},"fnMap":{},"f":{}}
,"C:\\Users\\ijmar\\Develop\\NodeJS\\10-calendar\\src\\store\\auth\\authSlice.ts": {"path":"C:\\Users\\ijmar\\Develop\\NodeJS\\10-calendar\\src\\store\\auth\\authSlice.ts","all":false,"statementMap":{"0":{"start":{"line":1,"column":0},"end":{"line":1,"column":46}},"1":{"start":{"line":2,"column":0},"end":{"line":2,"column":41}},"2":{"start":{"line":3,"column":0},"end":{"line":3,"column":80}},"3":{"start":{"line":4,"column":0},"end":{"line":4,"column":85}},"4":{"start":{"line":5,"column":0},"end":{"line":5,"column":0}},"5":{"start":{"line":6,"column":0},"end":{"line":6,"column":0}},"6":{"start":{"line":7,"column":0},"end":{"line":7,"column":35}},"7":{"start":{"line":8,"column":0},"end":{"line":8,"column":13}},"8":{"start":{"line":9,"column":0},"end":{"line":9,"column":19}},"9":{"start":{"line":10,"column":0},"end":{"line":10,"column":14}},"10":{"start":{"line":11,"column":0},"end":{"line":11,"column":14}},"11":{"start":{"line":12,"column":0},"end":{"line":12,"column":1}},"12":{"start":{"line":13,"column":0},"end":{"line":13,"column":0}},"13":{"start":{"line":14,"column":0},"end":{"line":14,"column":0}},"14":{"start":{"line":15,"column":0},"end":{"line":15,"column":38}},"15":{"start":{"line":16,"column":0},"end":{"line":16,"column":15}},"16":{"start":{"line":17,"column":0},"end":{"line":17,"column":15}},"17":{"start":{"line":18,"column":0},"end":{"line":18,"column":13}},"18":{"start":{"line":19,"column":0},"end":{"line":19,"column":24}},"19":{"start":{"line":20,"column":0},"end":{"line":20,"column":34}},"20":{"start":{"line":21,"column":0},"end":{"line":21,"column":34}},"21":{"start":{"line":22,"column":0},"end":{"line":22,"column":4}},"22":{"start":{"line":23,"column":0},"end":{"line":23,"column":26}},"23":{"start":{"line":24,"column":0},"end":{"line":24,"column":29}},"24":{"start":{"line":25,"column":0},"end":{"line":25,"column":32}},"25":{"start":{"line":26,"column":0},"end":{"line":26,"column":34}},"26":{"start":{"line":27,"column":0},"end":{"line":27,"column":4}},"27":{"start":{"line":28,"column":0},"end":{"line":28,"column":2}},"28":{"start":{"line":29,"column":0},"end":{"line":29,"column":3}},"29":{"start":{"line":30,"column":0},"end":{"line":30,"column":0}},"30":{"start":{"line":31,"column":0},"end":{"line":31,"column":0}},"31":{"start":{"line":32,"column":0},"end":{"line":32,"column":55}},"32":{"start":{"line":33,"column":0},"end":{"line":33,"column":66}},"33":{"start":{"line":34,"column":0},"end":{"line":34,"column":45}}},"s":{"0":1,"1":1,"2":1,"3":1,"4":1,"5":1,"6":1,"7":1,"8":1,"9":1,"10":1,"11":1,"12":1,"13":1,"14":1,"15":1,"16":1,"17":1,"18":1,"19":1,"20":1,"21":1,"22":1,"23":8,"24":8,"25":8,"26":8,"27":1,"28":1,"29":1,"30":1,"31":1,"32":1,"33":1},"branchMap":{"0":{"type":"branch","line":23,"loc":{"start":{"line":23,"column":2},"end":{"line":27,"column":4}},"locations":[{"start":{"line":23,"column":2},"end":{"line":27,"column":4}}]},"1":{"type":"branch","line":29,"loc":{"start":{"line":29,"column":1},"end":{"line":29,"column":3}},"locations":[{"start":{"line":29,"column":1},"end":{"line":29,"column":3}}]},"2":{"type":"branch","line":32,"loc":{"start":{"line":32,"column":53},"end":{"line":32,"column":55}},"locations":[{"start":{"line":32,"column":53},"end":{"line":32,"column":55}}]},"3":{"type":"branch","line":33,"loc":{"start":{"line":33,"column":59},"end":{"line":33,"column":66}},"locations":[{"start":{"line":33,"column":59},"end":{"line":33,"column":66}}]},"4":{"type":"branch","line":34,"loc":{"start":{"line":34,"column":38},"end":{"line":34,"column":45}},"locations":[{"start":{"line":34,"column":38},"end":{"line":34,"column":45}}]}},"b":{"0":[8],"1":[3],"2":[8],"3":[1],"4":[28]},"fnMap":{"0":{"name":"extraReducers","decl":{"start":{"line":23,"column":2},"end":{"line":27,"column":4}},"loc":{"start":{"line":23,"column":2},"end":{"line":27,"column":4}},"line":23},"1":{"name":"get","decl":{"start":{"line":29,"column":1},"end":{"line":29,"column":3}},"loc":{"start":{"line":29,"column":1},"end":{"line":29,"column":3}},"line":29},"2":{"name":"get","decl":{"start":{"line":32,"column":53},"end":{"line":32,"column":55}},"loc":{"start":{"line":32,"column":53},"end":{"line":32,"column":55}},"line":32},"3":{"name":"get","decl":{"start":{"line":33,"column":59},"end":{"line":33,"column":66}},"loc":{"start":{"line":33,"column":59},"end":{"line":33,"column":66}},"line":33},"4":{"name":"get","decl":{"start":{"line":34,"column":38},"end":{"line":34,"column":45}},"loc":{"start":{"line":34,"column":38},"end":{"line":34,"column":45}},"line":34}},"f":{"0":8,"1":3,"2":8,"3":1,"4":28}}
,"C:\\Users\\ijmar\\Develop\\NodeJS\\10-calendar\\src\\store\\auth\\index.ts": {"path":"C:\\Users\\ijmar\\Develop\\NodeJS\\10-calendar\\src\\store\\auth\\index.ts","all":false,"statementMap":{"0":{"start":{"line":1,"column":0},"end":{"line":1,"column":28}},"1":{"start":{"line":2,"column":0},"end":{"line":2,"column":27}},"2":{"start":{"line":3,"column":0},"end":{"line":3,"column":25}}},"s":{"0":1,"1":1,"2":1},"branchMap":{},"b":{},"fnMap":{},"f":{}}
,"C:\\Users\\ijmar\\Develop\\NodeJS\\10-calendar\\src\\store\\auth\\reducers\\index.ts": {"path":"C:\\Users\\ijmar\\Develop\\NodeJS\\10-calendar\\src\\store\\auth\\reducers\\index.ts","all":false,"statementMap":{"0":{"start":{"line":1,"column":0},"end":{"line":1,"column":24}}},"s":{"0":1},"branchMap":{},"b":{},"fnMap":{},"f":{}}
,"C:\\Users\\ijmar\\Develop\\NodeJS\\10-calendar\\src\\store\\auth\\reducers\\login.ts": {"path":"C:\\Users\\ijmar\\Develop\\NodeJS\\10-calendar\\src\\store\\auth\\reducers\\login.ts","all":false,"statementMap":{"0":{"start":{"line":1,"column":0},"end":{"line":1,"column":94}},"1":{"start":{"line":2,"column":0},"end":{"line":2,"column":60}},"2":{"start":{"line":3,"column":0},"end":{"line":3,"column":58}},"3":{"start":{"line":4,"column":0},"end":{"line":4,"column":0}},"4":{"start":{"line":5,"column":0},"end":{"line":5,"column":0}},"5":{"start":{"line":6,"column":0},"end":{"line":6,"column":82}},"6":{"start":{"line":7,"column":0},"end":{"line":7,"column":8}},"7":{"start":{"line":8,"column":0},"end":{"line":8,"column":8}},"8":{"start":{"line":9,"column":0},"end":{"line":9,"column":6}},"9":{"start":{"line":10,"column":0},"end":{"line":10,"column":36}},"10":{"start":{"line":11,"column":0},"end":{"line":11,"column":36}},"11":{"start":{"line":12,"column":0},"end":{"line":12,"column":37}},"12":{"start":{"line":13,"column":0},"end":{"line":13,"column":56}},"13":{"start":{"line":14,"column":0},"end":{"line":14,"column":68}},"14":{"start":{"line":15,"column":0},"end":{"line":15,"column":2}},"15":{"start":{"line":16,"column":0},"end":{"line":16,"column":0}},"16":{"start":{"line":17,"column":0},"end":{"line":17,"column":60}},"17":{"start":{"line":18,"column":0},"end":{"line":18,"column":7}},"18":{"start":{"line":19,"column":0},"end":{"line":19,"column":6}},"19":{"start":{"line":20,"column":0},"end":{"line":20,"column":21}},"20":{"start":{"line":21,"column":0},"end":{"line":21,"column":20}},"21":{"start":{"line":22,"column":0},"end":{"line":22,"column":38}},"22":{"start":{"line":23,"column":0},"end":{"line":23,"column":21}},"23":{"start":{"line":24,"column":0},"end":{"line":24,"column":37}},"24":{"start":{"line":25,"column":0},"end":{"line":25,"column":45}},"25":{"start":{"line":26,"column":0},"end":{"line":26,"column":2}},"26":{"start":{"line":27,"column":0},"end":{"line":27,"column":0}},"27":{"start":{"line":28,"column":0},"end":{"line":28,"column":60}},"28":{"start":{"line":29,"column":0},"end":{"line":29,"column":7}},"29":{"start":{"line":30,"column":0},"end":{"line":30,"column":6}},"30":{"start":{"line":31,"column":0},"end":{"line":31,"column":21}},"31":{"start":{"line":32,"column":0},"end":{"line":32,"column":2}},"32":{"start":{"line":33,"column":0},"end":{"line":33,"column":0}},"33":{"start":{"line":34,"column":0},"end":{"line":34,"column":89}},"34":{"start":{"line":35,"column":0},"end":{"line":35,"column":8}},"35":{"start":{"line":36,"column":0},"end":{"line":36,"column":8}},"36":{"start":{"line":37,"column":0},"end":{"line":37,"column":6}},"37":{"start":{"line":38,"column":0},"end":{"line":38,"column":31}},"38":{"start":{"line":39,"column":0},"end":{"line":39,"column":2}}},"s":{"0":1,"1":1,"2":1,"3":1,"4":1,"5":1,"6":3,"7":3,"8":3,"9":3,"10":3,"11":3,"12":3,"13":3,"14":24,"15":1,"16":1,"17":1,"18":1,"19":1,"20":1,"21":1,"22":1,"23":1,"24":1,"25":8,"26":1,"27":1,"28":1,"29":1,"30":1,"31":8,"32":1,"33":1,"34":0,"35":0,"36":0,"37":0,"38":0},"branchMap":{"0":{"type":"branch","line":6,"loc":{"start":{"line":6,"column":81},"end":{"line":15,"column":2}},"locations":[{"start":{"line":6,"column":81},"end":{"line":15,"column":2}}]},"1":{"type":"branch","line":15,"loc":{"start":{"line":15,"column":0},"end":{"line":15,"column":2}},"locations":[{"start":{"line":15,"column":0},"end":{"line":15,"column":2}}]},"2":{"type":"branch","line":17,"loc":{"start":{"line":17,"column":59},"end":{"line":26,"column":2}},"locations":[{"start":{"line":17,"column":59},"end":{"line":26,"column":2}}]},"3":{"type":"branch","line":26,"loc":{"start":{"line":26,"column":0},"end":{"line":26,"column":2}},"locations":[{"start":{"line":26,"column":0},"end":{"line":26,"column":2}}]},"4":{"type":"branch","line":28,"loc":{"start":{"line":28,"column":59},"end":{"line":32,"column":2}},"locations":[{"start":{"line":28,"column":59},"end":{"line":32,"column":2}}]},"5":{"type":"branch","line":32,"loc":{"start":{"line":32,"column":0},"end":{"line":32,"column":2}},"locations":[{"start":{"line":32,"column":0},"end":{"line":32,"column":2}}]}},"b":{"0":[3],"1":[24],"2":[1],"3":[8],"4":[1],"5":[8]},"fnMap":{"0":{"name":"loginReducer","decl":{"start":{"line":6,"column":81},"end":{"line":15,"column":2}},"loc":{"start":{"line":6,"column":81},"end":{"line":15,"column":2}},"line":6},"1":{"name":"get","decl":{"start":{"line":15,"column":0},"end":{"line":15,"column":2}},"loc":{"start":{"line":15,"column":0},"end":{"line":15,"column":2}},"line":15},"2":{"name":"resetLoginReducer","decl":{"start":{"line":17,"column":59},"end":{"line":26,"column":2}},"loc":{"start":{"line":17,"column":59},"end":{"line":26,"column":2}},"line":17},"3":{"name":"get","decl":{"start":{"line":26,"column":0},"end":{"line":26,"column":2}},"loc":{"start":{"line":26,"column":0},"end":{"line":26,"column":2}},"line":26},"4":{"name":"resetErrorReducer","decl":{"start":{"line":28,"column":59},"end":{"line":32,"column":2}},"loc":{"start":{"line":28,"column":59},"end":{"line":32,"column":2}},"line":28},"5":{"name":"get","decl":{"start":{"line":32,"column":0},"end":{"line":32,"column":2}},"loc":{"start":{"line":32,"column":0},"end":{"line":32,"column":2}},"line":32},"6":{"name":"setStateReducer","decl":{"start":{"line":34,"column":88},"end":{"line":39,"column":2}},"loc":{"start":{"line":34,"column":88},"end":{"line":39,"column":2}},"line":34},"7":{"name":"get","decl":{"start":{"line":39,"column":0},"end":{"line":39,"column":2}},"loc":{"start":{"line":39,"column":0},"end":{"line":39,"column":2}},"line":39}},"f":{"0":3,"1":24,"2":1,"3":8,"4":1,"5":8,"6":0,"7":0}}
,"C:\\Users\\ijmar\\Develop\\NodeJS\\10-calendar\\src\\store\\auth\\thunks\\index.ts": {"path":"C:\\Users\\ijmar\\Develop\\NodeJS\\10-calendar\\src\\store\\auth\\thunks\\index.ts","all":false,"statementMap":{"0":{"start":{"line":1,"column":0},"end":{"line":1,"column":29}},"1":{"start":{"line":2,"column":0},"end":{"line":2,"column":32}},"2":{"start":{"line":3,"column":0},"end":{"line":3,"column":34}}},"s":{"0":1,"1":1,"2":1},"branchMap":{},"b":{},"fnMap":{},"f":{}}
,"C:\\Users\\ijmar\\Develop\\NodeJS\\10-calendar\\src\\store\\auth\\thunks\\startLogin.ts": {"path":"C:\\Users\\ijmar\\Develop\\NodeJS\\10-calendar\\src\\store\\auth\\thunks\\startLogin.ts","all":false,"statementMap":{"0":{"start":{"line":1,"column":0},"end":{"line":1,"column":8}},"1":{"start":{"line":2,"column":0},"end":{"line":2,"column":26}},"2":{"start":{"line":3,"column":0},"end":{"line":3,"column":18}},"3":{"start":{"line":4,"column":0},"end":{"line":4,"column":26}},"4":{"start":{"line":5,"column":0},"end":{"line":5,"column":37}},"5":{"start":{"line":6,"column":0},"end":{"line":6,"column":63}},"6":{"start":{"line":7,"column":0},"end":{"line":7,"column":58}},"7":{"start":{"line":8,"column":0},"end":{"line":8,"column":43}},"8":{"start":{"line":9,"column":0},"end":{"line":9,"column":0}},"9":{"start":{"line":10,"column":0},"end":{"line":10,"column":43}},"10":{"start":{"line":11,"column":0},"end":{"line":11,"column":14}},"11":{"start":{"line":12,"column":0},"end":{"line":12,"column":12}},"12":{"start":{"line":13,"column":0},"end":{"line":13,"column":67}},"13":{"start":{"line":14,"column":0},"end":{"line":14,"column":2}},"14":{"start":{"line":15,"column":0},"end":{"line":15,"column":39}},"15":{"start":{"line":16,"column":0},"end":{"line":16,"column":0}},"16":{"start":{"line":17,"column":0},"end":{"line":17,"column":20}},"17":{"start":{"line":18,"column":0},"end":{"line":18,"column":3}},"18":{"start":{"line":19,"column":0},"end":{"line":19,"column":0}},"19":{"start":{"line":20,"column":0},"end":{"line":20,"column":0}},"20":{"start":{"line":21,"column":0},"end":{"line":21,"column":32}},"21":{"start":{"line":22,"column":0},"end":{"line":22,"column":46}},"22":{"start":{"line":23,"column":0},"end":{"line":23,"column":6}},"23":{"start":{"line":24,"column":0},"end":{"line":24,"column":50}},"24":{"start":{"line":25,"column":0},"end":{"line":25,"column":29}},"25":{"start":{"line":26,"column":0},"end":{"line":26,"column":5}},"26":{"start":{"line":27,"column":0},"end":{"line":27,"column":59}},"27":{"start":{"line":28,"column":0},"end":{"line":28,"column":28}},"28":{"start":{"line":29,"column":0},"end":{"line":29,"column":19}},"29":{"start":{"line":30,"column":0},"end":{"line":30,"column":21}},"30":{"start":{"line":31,"column":0},"end":{"line":31,"column":55}},"31":{"start":{"line":32,"column":0},"end":{"line":32,"column":49}},"32":{"start":{"line":33,"column":0},"end":{"line":33,"column":6}},"33":{"start":{"line":34,"column":0},"end":{"line":34,"column":5}},"34":{"start":{"line":35,"column":0},"end":{"line":35,"column":0}},"35":{"start":{"line":36,"column":0},"end":{"line":36,"column":54}},"36":{"start":{"line":37,"column":0},"end":{"line":37,"column":2}}},"s":{"0":1,"1":1,"2":1,"3":1,"4":1,"5":1,"6":1,"7":1,"8":1,"9":1,"10":1,"11":1,"12":1,"13":3,"14":3,"15":1,"16":1,"17":1,"18":1,"19":1,"20":1,"21":8,"22":8,"23":8,"24":3,"25":8,"26":8,"27":2,"28":2,"29":2,"30":2,"31":2,"32":2,"33":8,"34":8,"35":8,"36":8},"branchMap":{"0":{"type":"branch","line":13,"loc":{"start":{"line":13,"column":16},"end":{"line":18,"column":3}},"locations":[{"start":{"line":13,"column":16},"end":{"line":18,"column":3}}]},"1":{"type":"branch","line":15,"loc":{"start":{"line":15,"column":37},"end":{"line":18,"column":3}},"locations":[{"start":{"line":15,"column":37},"end":{"line":18,"column":3}}]},"2":{"type":"branch","line":18,"loc":{"start":{"line":18,"column":1},"end":{"line":18,"column":3}},"locations":[{"start":{"line":18,"column":1},"end":{"line":18,"column":3}}]},"3":{"type":"branch","line":21,"loc":{"start":{"line":21,"column":31},"end":{"line":37,"column":2}},"locations":[{"start":{"line":21,"column":31},"end":{"line":37,"column":2}}]},"4":{"type":"branch","line":24,"loc":{"start":{"line":24,"column":38},"end":{"line":26,"column":3}},"locations":[{"start":{"line":24,"column":38},"end":{"line":26,"column":3}}]},"5":{"type":"branch","line":27,"loc":{"start":{"line":27,"column":39},"end":{"line":34,"column":3}},"locations":[{"start":{"line":27,"column":39},"end":{"line":34,"column":3}}]},"6":{"type":"branch","line":31,"loc":{"start":{"line":31,"column":28},"end":{"line":31,"column":55}},"locations":[{"start":{"line":31,"column":28},"end":{"line":31,"column":55}}]},"7":{"type":"branch","line":32,"loc":{"start":{"line":32,"column":25},"end":{"line":32,"column":49}},"locations":[{"start":{"line":32,"column":25},"end":{"line":32,"column":49}}]},"8":{"type":"branch","line":37,"loc":{"start":{"line":37,"column":0},"end":{"line":37,"column":2}},"locations":[{"start":{"line":37,"column":0},"end":{"line":37,"column":2}}]}},"b":{"0":[3],"1":[1],"2":[3],"3":[8],"4":[3],"5":[2],"6":[0],"7":[1],"8":[8]},"fnMap":{"0":{"name":"get","decl":{"start":{"line":18,"column":1},"end":{"line":18,"column":3}},"loc":{"start":{"line":18,"column":1},"end":{"line":18,"column":3}},"line":18},"1":{"name":"buildStartLogin","decl":{"start":{"line":21,"column":31},"end":{"line":37,"column":2}},"loc":{"start":{"line":21,"column":31},"end":{"line":37,"column":2}},"line":21},"2":{"name":"get","decl":{"start":{"line":37,"column":0},"end":{"line":37,"column":2}},"loc":{"start":{"line":37,"column":0},"end":{"line":37,"column":2}},"line":37}},"f":{"0":3,"1":8,"2":8}}
,"C:\\Users\\ijmar\\Develop\\NodeJS\\10-calendar\\src\\store\\auth\\thunks\\startRegister.ts": {"path":"C:\\Users\\ijmar\\Develop\\NodeJS\\10-calendar\\src\\store\\auth\\thunks\\startRegister.ts","all":false,"statementMap":{"0":{"start":{"line":1,"column":0},"end":{"line":1,"column":77}},"1":{"start":{"line":2,"column":0},"end":{"line":2,"column":42}},"2":{"start":{"line":3,"column":0},"end":{"line":3,"column":8}},"3":{"start":{"line":4,"column":0},"end":{"line":4,"column":13}},"4":{"start":{"line":5,"column":0},"end":{"line":5,"column":14}},"5":{"start":{"line":6,"column":0},"end":{"line":6,"column":15}},"6":{"start":{"line":7,"column":0},"end":{"line":7,"column":24}},"7":{"start":{"line":8,"column":0},"end":{"line":8,"column":38}},"8":{"start":{"line":9,"column":0},"end":{"line":9,"column":0}},"9":{"start":{"line":10,"column":0},"end":{"line":10,"column":0}},"10":{"start":{"line":11,"column":0},"end":{"line":11,"column":46}},"11":{"start":{"line":12,"column":0},"end":{"line":12,"column":15}},"12":{"start":{"line":13,"column":0},"end":{"line":13,"column":14}},"13":{"start":{"line":14,"column":0},"end":{"line":14,"column":27}},"14":{"start":{"line":15,"column":0},"end":{"line":15,"column":47}},"15":{"start":{"line":16,"column":0},"end":{"line":16,"column":38}},"16":{"start":{"line":17,"column":0},"end":{"line":17,"column":14}},"17":{"start":{"line":18,"column":0},"end":{"line":18,"column":3}},"18":{"start":{"line":19,"column":0},"end":{"line":19,"column":0}},"19":{"start":{"line":20,"column":0},"end":{"line":20,"column":35}},"20":{"start":{"line":21,"column":0},"end":{"line":21,"column":46}},"21":{"start":{"line":22,"column":0},"end":{"line":22,"column":6}},"22":{"start":{"line":23,"column":0},"end":{"line":23,"column":53}},"23":{"start":{"line":24,"column":0},"end":{"line":24,"column":29}},"24":{"start":{"line":25,"column":0},"end":{"line":25,"column":5}},"25":{"start":{"line":26,"column":0},"end":{"line":26,"column":55}},"26":{"start":{"line":27,"column":0},"end":{"line":27,"column":28}},"27":{"start":{"line":28,"column":0},"end":{"line":28,"column":5}},"28":{"start":{"line":29,"column":0},"end":{"line":29,"column":62}},"29":{"start":{"line":30,"column":0},"end":{"line":30,"column":28}},"30":{"start":{"line":31,"column":0},"end":{"line":31,"column":19}},"31":{"start":{"line":32,"column":0},"end":{"line":32,"column":24}},"32":{"start":{"line":33,"column":0},"end":{"line":33,"column":55}},"33":{"start":{"line":34,"column":0},"end":{"line":34,"column":49}},"34":{"start":{"line":35,"column":0},"end":{"line":35,"column":6}},"35":{"start":{"line":36,"column":0},"end":{"line":36,"column":5}},"36":{"start":{"line":37,"column":0},"end":{"line":37,"column":2}}},"s":{"0":1,"1":1,"2":1,"3":1,"4":1,"5":1,"6":1,"7":1,"8":1,"9":1,"10":1,"11":1,"12":1,"13":1,"14":1,"15":3,"16":1,"17":1,"18":1,"19":1,"20":8,"21":8,"22":8,"23":3,"24":8,"25":8,"26":1,"27":8,"28":8,"29":2,"30":2,"31":2,"32":2,"33":2,"34":2,"35":8,"36":8},"branchMap":{"0":{"type":"branch","line":15,"loc":{"start":{"line":15,"column":17},"end":{"line":18,"column":3}},"locations":[{"start":{"line":15,"column":17},"end":{"line":18,"column":3}}]},"1":{"type":"branch","line":16,"loc":{"start":{"line":16,"column":36},"end":{"line":18,"column":3}},"locations":[{"start":{"line":16,"column":36},"end":{"line":18,"column":3}}]},"2":{"type":"branch","line":18,"loc":{"start":{"line":18,"column":1},"end":{"line":18,"column":3}},"locations":[{"start":{"line":18,"column":1},"end":{"line":18,"column":3}}]},"3":{"type":"branch","line":20,"loc":{"start":{"line":20,"column":34},"end":{"line":37,"column":2}},"locations":[{"start":{"line":20,"column":34},"end":{"line":37,"column":2}}]},"4":{"type":"branch","line":23,"loc":{"start":{"line":23,"column":41},"end":{"line":25,"column":3}},"locations":[{"start":{"line":23,"column":41},"end":{"line":25,"column":3}}]},"5":{"type":"branch","line":26,"loc":{"start":{"line":26,"column":43},"end":{"line":28,"column":3}},"locations":[{"start":{"line":26,"column":43},"end":{"line":28,"column":3}}]},"6":{"type":"branch","line":29,"loc":{"start":{"line":29,"column":42},"end":{"line":36,"column":3}},"locations":[{"start":{"line":29,"column":42},"end":{"line":36,"column":3}}]},"7":{"type":"branch","line":33,"loc":{"start":{"line":33,"column":28},"end":{"line":33,"column":55}},"locations":[{"start":{"line":33,"column":28},"end":{"line":33,"column":55}}]},"8":{"type":"branch","line":34,"loc":{"start":{"line":34,"column":25},"end":{"line":34,"column":49}},"locations":[{"start":{"line":34,"column":25},"end":{"line":34,"column":49}}]},"9":{"type":"branch","line":37,"loc":{"start":{"line":37,"column":0},"end":{"line":37,"column":2}},"locations":[{"start":{"line":37,"column":0},"end":{"line":37,"column":2}}]}},"b":{"0":[3],"1":[1],"2":[3],"3":[8],"4":[3],"5":[1],"6":[2],"7":[0],"8":[1],"9":[8]},"fnMap":{"0":{"name":"get","decl":{"start":{"line":18,"column":1},"end":{"line":18,"column":3}},"loc":{"start":{"line":18,"column":1},"end":{"line":18,"column":3}},"line":18},"1":{"name":"buildStartRegister","decl":{"start":{"line":20,"column":34},"end":{"line":37,"column":2}},"loc":{"start":{"line":20,"column":34},"end":{"line":37,"column":2}},"line":20},"2":{"name":"get","decl":{"start":{"line":37,"column":0},"end":{"line":37,"column":2}},"loc":{"start":{"line":37,"column":0},"end":{"line":37,"column":2}},"line":37}},"f":{"0":3,"1":8,"2":8}}
,"C:\\Users\\ijmar\\Develop\\NodeJS\\10-calendar\\src\\store\\auth\\thunks\\startRenewToken.ts": {"path":"C:\\Users\\ijmar\\Develop\\NodeJS\\10-calendar\\src\\store\\auth\\thunks\\startRenewToken.ts","all":false,"statementMap":{"0":{"start":{"line":1,"column":0},"end":{"line":1,"column":8}},"1":{"start":{"line":2,"column":0},"end":{"line":2,"column":26}},"2":{"start":{"line":3,"column":0},"end":{"line":3,"column":19}},"3":{"start":{"line":4,"column":0},"end":{"line":4,"column":37}},"4":{"start":{"line":5,"column":0},"end":{"line":5,"column":26}},"5":{"start":{"line":6,"column":0},"end":{"line":6,"column":37}},"6":{"start":{"line":7,"column":0},"end":{"line":7,"column":57}},"7":{"start":{"line":8,"column":0},"end":{"line":8,"column":43}},"8":{"start":{"line":9,"column":0},"end":{"line":9,"column":43}},"9":{"start":{"line":10,"column":0},"end":{"line":10,"column":0}},"10":{"start":{"line":11,"column":0},"end":{"line":11,"column":48}},"11":{"start":{"line":12,"column":0},"end":{"line":12,"column":14}},"12":{"start":{"line":13,"column":0},"end":{"line":13,"column":6}},"13":{"start":{"line":14,"column":0},"end":{"line":14,"column":52}},"14":{"start":{"line":15,"column":0},"end":{"line":15,"column":7}},"15":{"start":{"line":16,"column":0},"end":{"line":16,"column":37}},"16":{"start":{"line":17,"column":0},"end":{"line":17,"column":22}},"17":{"start":{"line":18,"column":0},"end":{"line":18,"column":19}},"18":{"start":{"line":19,"column":0},"end":{"line":19,"column":0}},"19":{"start":{"line":20,"column":0},"end":{"line":20,"column":0}},"20":{"start":{"line":21,"column":0},"end":{"line":21,"column":30}},"21":{"start":{"line":22,"column":0},"end":{"line":22,"column":3}},"22":{"start":{"line":23,"column":0},"end":{"line":23,"column":3}},"23":{"start":{"line":24,"column":0},"end":{"line":24,"column":0}},"24":{"start":{"line":25,"column":0},"end":{"line":25,"column":37}},"25":{"start":{"line":26,"column":0},"end":{"line":26,"column":46}},"26":{"start":{"line":27,"column":0},"end":{"line":27,"column":6}},"27":{"start":{"line":28,"column":0},"end":{"line":28,"column":55}},"28":{"start":{"line":29,"column":0},"end":{"line":29,"column":26}},"29":{"start":{"line":30,"column":0},"end":{"line":30,"column":5}},"30":{"start":{"line":31,"column":0},"end":{"line":31,"column":59}},"31":{"start":{"line":32,"column":0},"end":{"line":32,"column":64}},"32":{"start":{"line":33,"column":0},"end":{"line":33,"column":28}},"33":{"start":{"line":34,"column":0},"end":{"line":34,"column":39}},"34":{"start":{"line":35,"column":0},"end":{"line":35,"column":31}},"35":{"start":{"line":36,"column":0},"end":{"line":36,"column":5}},"36":{"start":{"line":37,"column":0},"end":{"line":37,"column":0}},"37":{"start":{"line":38,"column":0},"end":{"line":38,"column":2}}},"s":{"0":1,"1":1,"2":1,"3":1,"4":1,"5":1,"6":1,"7":1,"8":1,"9":1,"10":1,"11":1,"12":1,"13":1,"14":2,"15":2,"16":1,"17":1,"18":1,"19":1,"20":1,"21":1,"22":2,"23":1,"24":1,"25":8,"26":8,"27":8,"28":2,"29":8,"30":8,"31":8,"32":1,"33":1,"34":1,"35":8,"36":8,"37":8},"branchMap":{"0":{"type":"branch","line":14,"loc":{"start":{"line":14,"column":17},"end":{"line":23,"column":3}},"locations":[{"start":{"line":14,"column":17},"end":{"line":23,"column":3}}]},"1":{"type":"branch","line":16,"loc":{"start":{"line":16,"column":35},"end":{"line":22,"column":3}},"locations":[{"start":{"line":16,"column":35},"end":{"line":22,"column":3}}]},"2":{"type":"branch","line":23,"loc":{"start":{"line":23,"column":1},"end":{"line":23,"column":3}},"locations":[{"start":{"line":23,"column":1},"end":{"line":23,"column":3}}]},"3":{"type":"branch","line":25,"loc":{"start":{"line":25,"column":36},"end":{"line":38,"column":2}},"locations":[{"start":{"line":25,"column":36},"end":{"line":38,"column":2}}]},"4":{"type":"branch","line":28,"loc":{"start":{"line":28,"column":43},"end":{"line":30,"column":3}},"locations":[{"start":{"line":28,"column":43},"end":{"line":30,"column":3}}]},"5":{"type":"branch","line":32,"loc":{"start":{"line":32,"column":44},"end":{"line":36,"column":3}},"locations":[{"start":{"line":32,"column":44},"end":{"line":36,"column":3}}]},"6":{"type":"branch","line":38,"loc":{"start":{"line":38,"column":0},"end":{"line":38,"column":2}},"locations":[{"start":{"line":38,"column":0},"end":{"line":38,"column":2}}]}},"b":{"0":[2],"1":[1],"2":[2],"3":[8],"4":[2],"5":[1],"6":[8]},"fnMap":{"0":{"name":"get","decl":{"start":{"line":23,"column":1},"end":{"line":23,"column":3}},"loc":{"start":{"line":23,"column":1},"end":{"line":23,"column":3}},"line":23},"1":{"name":"buildStartRenewToken","decl":{"start":{"line":25,"column":36},"end":{"line":38,"column":2}},"loc":{"start":{"line":25,"column":36},"end":{"line":38,"column":2}},"line":25},"2":{"name":"get","decl":{"start":{"line":38,"column":0},"end":{"line":38,"column":2}},"loc":{"start":{"line":38,"column":0},"end":{"line":38,"column":2}},"line":38}},"f":{"0":2,"1":8,"2":8}}
,"C:\\Users\\ijmar\\Develop\\NodeJS\\10-calendar\\src\\store\\calendar\\calendarSlice.ts": {"path":"C:\\Users\\ijmar\\Develop\\NodeJS\\10-calendar\\src\\store\\calendar\\calendarSlice.ts","all":false,"statementMap":{"0":{"start":{"line":1,"column":0},"end":{"line":1,"column":62}},"1":{"start":{"line":2,"column":0},"end":{"line":2,"column":61}},"2":{"start":{"line":3,"column":0},"end":{"line":3,"column":8}},"3":{"start":{"line":4,"column":0},"end":{"line":4,"column":21}},"4":{"start":{"line":5,"column":0},"end":{"line":5,"column":19}},"5":{"start":{"line":6,"column":0},"end":{"line":6,"column":21}},"6":{"start":{"line":7,"column":0},"end":{"line":7,"column":21}},"7":{"start":{"line":8,"column":0},"end":{"line":8,"column":20}},"8":{"start":{"line":9,"column":0},"end":{"line":9,"column":8}},"9":{"start":{"line":10,"column":0},"end":{"line":10,"column":24}},"10":{"start":{"line":11,"column":0},"end":{"line":11,"column":24}},"11":{"start":{"line":12,"column":0},"end":{"line":12,"column":24}},"12":{"start":{"line":13,"column":0},"end":{"line":13,"column":24}},"13":{"start":{"line":14,"column":0},"end":{"line":14,"column":18}},"14":{"start":{"line":15,"column":0},"end":{"line":15,"column":0}},"15":{"start":{"line":16,"column":0},"end":{"line":16,"column":38}},"16":{"start":{"line":17,"column":0},"end":{"line":17,"column":13}},"17":{"start":{"line":18,"column":0},"end":{"line":18,"column":20}},"18":{"start":{"line":19,"column":0},"end":{"line":19,"column":14}},"19":{"start":{"line":20,"column":0},"end":{"line":20,"column":17}},"20":{"start":{"line":21,"column":0},"end":{"line":21,"column":2}},"21":{"start":{"line":22,"column":0},"end":{"line":22,"column":0}},"22":{"start":{"line":23,"column":0},"end":{"line":23,"column":42}},"23":{"start":{"line":24,"column":0},"end":{"line":24,"column":19}},"24":{"start":{"line":25,"column":0},"end":{"line":25,"column":15}},"25":{"start":{"line":26,"column":0},"end":{"line":26,"column":13}},"26":{"start":{"line":27,"column":0},"end":{"line":27,"column":80}},"27":{"start":{"line":28,"column":0},"end":{"line":28,"column":41}},"28":{"start":{"line":29,"column":0},"end":{"line":29,"column":6}},"29":{"start":{"line":30,"column":0},"end":{"line":30,"column":0}},"30":{"start":{"line":31,"column":0},"end":{"line":31,"column":36}},"31":{"start":{"line":32,"column":0},"end":{"line":32,"column":32}},"32":{"start":{"line":33,"column":0},"end":{"line":33,"column":36}},"33":{"start":{"line":34,"column":0},"end":{"line":34,"column":36}},"34":{"start":{"line":35,"column":0},"end":{"line":35,"column":4}},"35":{"start":{"line":36,"column":0},"end":{"line":36,"column":0}},"36":{"start":{"line":37,"column":0},"end":{"line":37,"column":26}},"37":{"start":{"line":38,"column":0},"end":{"line":38,"column":35}},"38":{"start":{"line":39,"column":0},"end":{"line":39,"column":35}},"39":{"start":{"line":40,"column":0},"end":{"line":40,"column":35}},"40":{"start":{"line":41,"column":0},"end":{"line":41,"column":35}},"41":{"start":{"line":42,"column":0},"end":{"line":42,"column":4}},"42":{"start":{"line":43,"column":0},"end":{"line":43,"column":3}},"43":{"start":{"line":44,"column":0},"end":{"line":44,"column":0}},"44":{"start":{"line":45,"column":0},"end":{"line":45,"column":63}},"45":{"start":{"line":46,"column":0},"end":{"line":46,"column":14}},"46":{"start":{"line":47,"column":0},"end":{"line":47,"column":19}},"47":{"start":{"line":48,"column":0},"end":{"line":48,"column":14}},"48":{"start":{"line":49,"column":0},"end":{"line":49,"column":12}},"49":{"start":{"line":50,"column":0},"end":{"line":50,"column":14}},"50":{"start":{"line":51,"column":0},"end":{"line":51,"column":14}},"51":{"start":{"line":52,"column":0},"end":{"line":52,"column":26}},"52":{"start":{"line":53,"column":0},"end":{"line":53,"column":52}}},"s":{"0":1,"1":1,"2":1,"3":1,"4":1,"5":1,"6":1,"7":1,"8":1,"9":1,"10":1,"11":1,"12":1,"13":1,"14":1,"15":1,"16":1,"17":1,"18":1,"19":1,"20":1,"21":1,"22":1,"23":1,"24":1,"25":1,"26":1,"27":1,"28":1,"29":1,"30":1,"31":1,"32":1,"33":1,"34":1,"35":1,"36":1,"37":8,"38":8,"39":8,"40":8,"41":8,"42":1,"43":1,"44":1,"45":1,"46":1,"47":1,"48":1,"49":1,"50":1,"51":1,"52":1},"branchMap":{"0":{"type":"branch","line":27,"loc":{"start":{"line":27,"column":22},"end":{"line":29,"column":6}},"locations":[{"start":{"line":27,"column":22},"end":{"line":29,"column":6}}]},"1":{"type":"branch","line":37,"loc":{"start":{"line":37,"column":2},"end":{"line":42,"column":4}},"locations":[{"start":{"line":37,"column":2},"end":{"line":42,"column":4}}]},"2":{"type":"branch","line":43,"loc":{"start":{"line":43,"column":1},"end":{"line":43,"column":3}},"locations":[{"start":{"line":43,"column":1},"end":{"line":43,"column":3}}]},"3":{"type":"branch","line":45,"loc":{"start":{"line":45,"column":61},"end":{"line":45,"column":63}},"locations":[{"start":{"line":45,"column":61},"end":{"line":45,"column":63}}]},"4":{"type":"branch","line":52,"loc":{"start":{"line":52,"column":18},"end":{"line":52,"column":26}},"locations":[{"start":{"line":52,"column":18},"end":{"line":52,"column":26}}]},"5":{"type":"branch","line":53,"loc":{"start":{"line":53,"column":44},"end":{"line":53,"column":52}},"locations":[{"start":{"line":53,"column":44},"end":{"line":53,"column":52}}]}},"b":{"0":[1],"1":[8],"2":[6],"3":[8],"4":[1],"5":[28]},"fnMap":{"0":{"name":"onSetActiveEvent","decl":{"start":{"line":27,"column":22},"end":{"line":29,"column":6}},"loc":{"start":{"line":27,"column":22},"end":{"line":29,"column":6}},"line":27},"1":{"name":"extraReducers","decl":{"start":{"line":37,"column":2},"end":{"line":42,"column":4}},"loc":{"start":{"line":37,"column":2},"end":{"line":42,"column":4}},"line":37},"2":{"name":"get","decl":{"start":{"line":43,"column":1},"end":{"line":43,"column":3}},"loc":{"start":{"line":43,"column":1},"end":{"line":43,"column":3}},"line":43},"3":{"name":"get","decl":{"start":{"line":45,"column":61},"end":{"line":45,"column":63}},"loc":{"start":{"line":45,"column":61},"end":{"line":45,"column":63}},"line":45},"4":{"name":"get","decl":{"start":{"line":52,"column":18},"end":{"line":52,"column":26}},"loc":{"start":{"line":52,"column":18},"end":{"line":52,"column":26}},"line":52},"5":{"name":"get","decl":{"start":{"line":53,"column":44},"end":{"line":53,"column":52}},"loc":{"start":{"line":53,"column":44},"end":{"line":53,"column":52}},"line":53}},"f":{"0":1,"1":8,"2":6,"3":8,"4":1,"5":28}}
,"C:\\Users\\ijmar\\Develop\\NodeJS\\10-calendar\\src\\store\\calendar\\index.ts": {"path":"C:\\Users\\ijmar\\Develop\\NodeJS\\10-calendar\\src\\store\\calendar\\index.ts","all":false,"statementMap":{"0":{"start":{"line":1,"column":0},"end":{"line":1,"column":32}},"1":{"start":{"line":2,"column":0},"end":{"line":2,"column":27}},"2":{"start":{"line":3,"column":0},"end":{"line":3,"column":25}}},"s":{"0":1,"1":1,"2":1},"branchMap":{},"b":{},"fnMap":{},"f":{}}
[...]
,"C:\\Users\\ijmar\\Develop\\NodeJS\\10-calendar\\src\\store\\calendar\\thunks\\startUpdateEvent.ts": {"path":"C:\\Users\\ijmar\\Develop\\NodeJS\\10-calendar\\src\\store\\calendar\\thunks\\startUpdateEvent.ts","all":false,"statementMap":{"0":{"start":{"line":1,"column":0},"end":{"line":1,"column":77}},"1":{"start":{"line":2,"column":0},"end":{"line":2,"column":43}},"2":{"start":{"line":3,"column":0},"end":{"line":3,"column":8}},"3":{"start":{"line":4,"column":0},"end":{"line":4,"column":17}},"4":{"start":{"line":5,"column":0},"end":{"line":5,"column":17}},"5":{"start":{"line":6,"column":0},"end":{"line":6,"column":24}},"6":{"start":{"line":7,"column":0},"end":{"line":7,"column":49}},"7":{"start":{"line":8,"column":0},"end":{"line":8,"column":0}},"8":{"start":{"line":9,"column":0},"end":{"line":9,"column":49}},"9":{"start":{"line":10,"column":0},"end":{"line":10,"column":17}},"10":{"start":{"line":11,"column":0},"end":{"line":11,"column":16}},"11":{"start":{"line":12,"column":0},"end":{"line":12,"column":44}},"12":{"start":{"line":13,"column":0},"end":{"line":13,"column":44}},"13":{"start":{"line":14,"column":0},"end":{"line":14,"column":18}},"14":{"start":{"line":15,"column":0},"end":{"line":15,"column":3}},"15":{"start":{"line":16,"column":0},"end":{"line":16,"column":0}},"16":{"start":{"line":17,"column":0},"end":{"line":17,"column":38}},"17":{"start":{"line":18,"column":0},"end":{"line":18,"column":50}},"18":{"start":{"line":19,"column":0},"end":{"line":19,"column":6}},"19":{"start":{"line":20,"column":0},"end":{"line":20,"column":0}},"20":{"start":{"line":21,"column":0},"end":{"line":21,"column":56}},"21":{"start":{"line":22,"column":0},"end":{"line":22,"column":30}},"22":{"start":{"line":23,"column":0},"end":{"line":23,"column":5}},"23":{"start":{"line":24,"column":0},"end":{"line":24,"column":0}},"24":{"start":{"line":25,"column":0},"end":{"line":25,"column":66}},"25":{"start":{"line":26,"column":0},"end":{"line":26,"column":0}},"26":{"start":{"line":27,"column":0},"end":{"line":27,"column":65}},"27":{"start":{"line":28,"column":0},"end":{"line":28,"column":26}},"28":{"start":{"line":29,"column":0},"end":{"line":29,"column":58}},"29":{"start":{"line":30,"column":0},"end":{"line":30,"column":5}},"30":{"start":{"line":31,"column":0},"end":{"line":31,"column":2}}},"s":{"0":1,"1":1,"2":1,"3":1,"4":1,"5":1,"6":1,"7":1,"8":1,"9":1,"10":1,"11":1,"12":0,"13":0,"14":0,"15":1,"16":1,"17":8,"18":8,"19":8,"20":8,"21":0,"22":8,"23":8,"24":8,"25":8,"26":8,"27":0,"28":0,"29":8,"30":8},"branchMap":{"0":{"type":"branch","line":17,"loc":{"start":{"line":17,"column":37},"end":{"line":31,"column":2}},"locations":[{"start":{"line":17,"column":37},"end":{"line":31,"column":2}}]},"1":{"type":"branch","line":31,"loc":{"start":{"line":31,"column":0},"end":{"line":31,"column":2}},"locations":[{"start":{"line":31,"column":0},"end":{"line":31,"column":2}}]}},"b":{"0":[8],"1":[8]},"fnMap":{"0":{"name":"get","decl":{"start":{"line":15,"column":1},"end":{"line":15,"column":3}},"loc":{"start":{"line":15,"column":1},"end":{"line":15,"column":3}},"line":15},"1":{"name":"buildStartUpdateEvent","decl":{"start":{"line":17,"column":37},"end":{"line":31,"column":2}},"loc":{"start":{"line":17,"column":37},"end":{"line":31,"column":2}},"line":17},"2":{"name":"get","decl":{"start":{"line":31,"column":0},"end":{"line":31,"column":2}},"loc":{"start":{"line":31,"column":0},"end":{"line":31,"column":2}},"line":31}},"f":{"0":0,"1":8,"2":8}}
,"C:\\Users\\ijmar\\Develop\\NodeJS\\10-calendar\\src\\store\\ui\\index.ts": {"path":"C:\\Users\\ijmar\\Develop\\NodeJS\\10-calendar\\src\\store\\ui\\index.ts","all":false,"statementMap":{"0":{"start":{"line":1,"column":0},"end":{"line":1,"column":26}}},"s":{"0":1},"branchMap":{},"b":{},"fnMap":{},"f":{}}
,"C:\\Users\\ijmar\\Develop\\NodeJS\\10-calendar\\src\\store\\ui\\uiSlice.ts": {"path":"C:\\Users\\ijmar\\Develop\\NodeJS\\10-calendar\\src\\store\\ui\\uiSlice.ts","all":false,"statementMap":{"0":{"start":{"line":1,"column":0},"end":{"line":1,"column":77}},"1":{"start":{"line":2,"column":0},"end":{"line":2,"column":39}},"2":{"start":{"line":3,"column":0},"end":{"line":3,"column":0}},"3":{"start":{"line":4,"column":0},"end":{"line":4,"column":32}},"4":{"start":{"line":5,"column":0},"end":{"line":5,"column":21}},"5":{"start":{"line":6,"column":0},"end":{"line":6,"column":1}},"6":{"start":{"line":7,"column":0},"end":{"line":7,"column":0}},"7":{"start":{"line":8,"column":0},"end":{"line":8,"column":36}},"8":{"start":{"line":9,"column":0},"end":{"line":9,"column":13}},"9":{"start":{"line":10,"column":0},"end":{"line":10,"column":15}},"10":{"start":{"line":11,"column":0},"end":{"line":11,"column":13}},"11":{"start":{"line":12,"column":0},"end":{"line":12,"column":63}},"12":{"start":{"line":13,"column":0},"end":{"line":13,"column":41}},"13":{"start":{"line":14,"column":0},"end":{"line":14,"column":5}},"14":{"start":{"line":15,"column":0},"end":{"line":15,"column":3}},"15":{"start":{"line":16,"column":0},"end":{"line":16,"column":3}},"16":{"start":{"line":17,"column":0},"end":{"line":17,"column":0}},"17":{"start":{"line":18,"column":0},"end":{"line":18,"column":0}},"18":{"start":{"line":19,"column":0},"end":{"line":19,"column":49}},"19":{"start":{"line":20,"column":0},"end":{"line":20,"column":51}},"20":{"start":{"line":21,"column":0},"end":{"line":21,"column":41}}},"s":{"0":1,"1":1,"2":1,"3":1,"4":1,"5":1,"6":1,"7":1,"8":1,"9":1,"10":1,"11":1,"12":4,"13":4,"14":1,"15":1,"16":1,"17":1,"18":1,"19":1,"20":1},"branchMap":{"0":{"type":"branch","line":12,"loc":{"start":{"line":12,"column":19},"end":{"line":14,"column":5}},"locations":[{"start":{"line":12,"column":19},"end":{"line":14,"column":5}}]},"1":{"type":"branch","line":16,"loc":{"start":{"line":16,"column":1},"end":{"line":16,"column":3}},"locations":[{"start":{"line":16,"column":1},"end":{"line":16,"column":3}}]},"2":{"type":"branch","line":19,"loc":{"start":{"line":19,"column":41},"end":{"line":19,"column":49}},"locations":[{"start":{"line":19,"column":41},"end":{"line":19,"column":49}}]},"3":{"type":"branch","line":20,"loc":{"start":{"line":20,"column":49},"end":{"line":20,"column":51}},"locations":[{"start":{"line":20,"column":49},"end":{"line":20,"column":51}}]},"4":{"type":"branch","line":21,"loc":{"start":{"line":21,"column":33},"end":{"line":21,"column":41}},"locations":[{"start":{"line":21,"column":33},"end":{"line":21,"column":41}}]}},"b":{"0":[4],"1":[2],"2":[4],"3":[8],"4":[28]},"fnMap":{"0":{"name":"setModalState","decl":{"start":{"line":12,"column":19},"end":{"line":14,"column":5}},"loc":{"start":{"line":12,"column":19},"end":{"line":14,"column":5}},"line":12},"1":{"name":"get","decl":{"start":{"line":16,"column":1},"end":{"line":16,"column":3}},"loc":{"start":{"line":16,"column":1},"end":{"line":16,"column":3}},"line":16},"2":{"name":"get","decl":{"start":{"line":19,"column":41},"end":{"line":19,"column":49}},"loc":{"start":{"line":19,"column":41},"end":{"line":19,"column":49}},"line":19},"3":{"name":"get","decl":{"start":{"line":20,"column":49},"end":{"line":20,"column":51}},"loc":{"start":{"line":20,"column":49},"end":{"line":20,"column":51}},"line":20},"4":{"name":"get","decl":{"start":{"line":21,"column":33},"end":{"line":21,"column":41}},"loc":{"start":{"line":21,"column":33},"end":{"line":21,"column":41}},"line":21}},"f":{"0":4,"1":2,"2":4,"3":8,"4":28}}
,"C:\\Users\\ijmar\\Develop\\NodeJS\\10-calendar\\src\\types\\api.ts": {"path":"C:\\Users\\ijmar\\Develop\\NodeJS\\10-calendar\\src\\types\\api.ts","all":false,"statementMap":{"0":{"start":{"line":1,"column":0},"end":{"line":1,"column":0}},"1":{"start":{"line":2,"column":0},"end":{"line":2,"column":34}},"2":{"start":{"line":3,"column":0},"end":{"line":3,"column":2}},"3":{"start":{"line":4,"column":0},"end":{"line":4,"column":0}},"4":{"start":{"line":5,"column":0},"end":{"line":5,"column":1}}},"s":{"0":1,"1":8,"2":8,"3":8,"4":8},"branchMap":{"0":{"type":"branch","line":2,"loc":{"start":{"line":2,"column":-2},"end":{"line":5,"column":1}},"locations":[{"start":{"line":2,"column":-2},"end":{"line":5,"column":1}}]},"1":{"type":"branch","line":2,"loc":{"start":{"line":2,"column":11},"end":{"line":5,"column":1}},"locations":[{"start":{"line":2,"column":11},"end":{"line":5,"column":1}}]}},"b":{"0":[8],"1":[8]},"fnMap":{},"f":{}}
,"C:\\Users\\ijmar\\Develop\\NodeJS\\10-calendar\\src\\types\\apiResponses.ts": {"path":"C:\\Users\\ijmar\\Develop\\NodeJS\\10-calendar\\src\\types\\apiResponses.ts","all":false,"statementMap":{"0":{"start":{"line":1,"column":0},"end":{"line":1,"column":53}},"1":{"start":{"line":2,"column":0},"end":{"line":2,"column":0}},"2":{"start":{"line":3,"column":0},"end":{"line":3,"column":31}},"3":{"start":{"line":4,"column":0},"end":{"line":4,"column":14}},"4":{"start":{"line":5,"column":0},"end":{"line":5,"column":18}},"5":{"start":{"line":6,"column":0},"end":{"line":6,"column":14}},"6":{"start":{"line":7,"column":0},"end":{"line":7,"column":1}},"7":{"start":{"line":8,"column":0},"end":{"line":8,"column":0}},"8":{"start":{"line":9,"column":0},"end":{"line":9,"column":30}},"9":{"start":{"line":10,"column":0},"end":{"line":10,"column":14}},"10":{"start":{"line":11,"column":0},"end":{"line":11,"column":16}},"11":{"start":{"line":12,"column":0},"end":{"line":12,"column":14}},"12":{"start":{"line":13,"column":0},"end":{"line":13,"column":1}},"13":{"start":{"line":14,"column":0},"end":{"line":14,"column":0}},"14":{"start":{"line":15,"column":0},"end":{"line":15,"column":30}},"15":{"start":{"line":16,"column":0},"end":{"line":16,"column":14}},"16":{"start":{"line":17,"column":0},"end":{"line":17,"column":15}},"17":{"start":{"line":18,"column":0},"end":{"line":18,"column":14}},"18":{"start":{"line":19,"column":0},"end":{"line":19,"column":1}},"19":{"start":{"line":20,"column":0},"end":{"line":20,"column":0}},"20":{"start":{"line":21,"column":0},"end":{"line":21,"column":43}},"21":{"start":{"line":22,"column":0},"end":{"line":22,"column":15}},"22":{"start":{"line":23,"column":0},"end":{"line":23,"column":15}},"23":{"start":{"line":24,"column":0},"end":{"line":24,"column":17}},"24":{"start":{"line":25,"column":0},"end":{"line":25,"column":19}},"25":{"start":{"line":26,"column":0},"end":{"line":26,"column":18}},"26":{"start":{"line":27,"column":0},"end":{"line":27,"column":22}},"27":{"start":{"line":28,"column":0},"end":{"line":28,"column":27}},"28":{"start":{"line":29,"column":0},"end":{"line":29,"column":3}},"29":{"start":{"line":30,"column":0},"end":{"line":30,"column":1}},"30":{"start":{"line":31,"column":0},"end":{"line":31,"column":0}},"31":{"start":{"line":32,"column":0},"end":{"line":32,"column":39}},"32":{"start":{"line":33,"column":0},"end":{"line":33,"column":14}},"33":{"start":{"line":34,"column":0},"end":{"line":34,"column":18}},"34":{"start":{"line":35,"column":0},"end":{"line":35,"column":1}}},"s":{"0":8,"1":8,"2":8,"3":8,"4":8,"5":8,"6":8,"7":8,"8":8,"9":8,"10":8,"11":8,"12":8,"13":8,"14":8,"15":8,"16":8,"17":8,"18":8,"19":8,"20":8,"21":8,"22":8,"23":8,"24":8,"25":8,"26":8,"27":8,"28":8,"29":8,"30":8,"31":8,"32":8,"33":8,"34":8},"branchMap":{"0":{"type":"branch","line":1,"loc":{"start":{"line":1,"column":0},"end":{"line":35,"column":1}},"locations":[{"start":{"line":1,"column":0},"end":{"line":35,"column":1}}]},"1":{"type":"branch","line":1,"loc":{"start":{"line":1,"column":13},"end":{"line":35,"column":1}},"locations":[{"start":{"line":1,"column":13},"end":{"line":35,"column":1}}]}},"b":{"0":[8],"1":[8]},"fnMap":{},"f":{}}
,"C:\\Users\\ijmar\\Develop\\NodeJS\\10-calendar\\src\\types\\index.ts": {"path":"C:\\Users\\ijmar\\Develop\\NodeJS\\10-calendar\\src\\types\\index.ts","all":false,"statementMap":{"0":{"start":{"line":1,"column":0},"end":{"line":1,"column":22}},"1":{"start":{"line":2,"column":0},"end":{"line":2,"column":31}},"2":{"start":{"line":3,"column":0},"end":{"line":3,"column":29}}},"s":{"0":1,"1":1,"2":1},"branchMap":{},"b":{},"fnMap":{},"f":{}}
,"C:\\Users\\ijmar\\Develop\\NodeJS\\10-calendar\\src\\types\\storeTypes.ts": {"path":"C:\\Users\\ijmar\\Develop\\NodeJS\\10-calendar\\src\\types\\storeTypes.ts","all":false,"statementMap":{"0":{"start":{"line":1,"column":0},"end":{"line":1,"column":51}},"1":{"start":{"line":2,"column":0},"end":{"line":2,"column":0}},"2":{"start":{"line":3,"column":0},"end":{"line":3,"column":27}},"3":{"start":{"line":4,"column":0},"end":{"line":4,"column":23}},"4":{"start":{"line":5,"column":0},"end":{"line":5,"column":1}},"5":{"start":{"line":6,"column":0},"end":{"line":6,"column":0}},"6":{"start":{"line":7,"column":0},"end":{"line":7,"column":36}},"7":{"start":{"line":8,"column":0},"end":{"line":8,"column":16}},"8":{"start":{"line":9,"column":0},"end":{"line":9,"column":16}},"9":{"start":{"line":10,"column":0},"end":{"line":10,"column":16}},"10":{"start":{"line":11,"column":0},"end":{"line":11,"column":14}},"11":{"start":{"line":12,"column":0},"end":{"line":12,"column":18}},"12":{"start":{"line":13,"column":0},"end":{"line":13,"column":9}},"13":{"start":{"line":14,"column":0},"end":{"line":14,"column":16}},"14":{"start":{"line":15,"column":0},"end":{"line":15,"column":17}},"15":{"start":{"line":16,"column":0},"end":{"line":16,"column":4}},"16":{"start":{"line":17,"column":0},"end":{"line":17,"column":1}},"17":{"start":{"line":18,"column":0},"end":{"line":18,"column":0}},"18":{"start":{"line":19,"column":0},"end":{"line":19,"column":38}},"19":{"start":{"line":20,"column":0},"end":{"line":20,"column":16}},"20":{"start":{"line":21,"column":0},"end":{"line":21,"column":16}},"21":{"start":{"line":22,"column":0},"end":{"line":22,"column":16}},"22":{"start":{"line":23,"column":0},"end":{"line":23,"column":14}},"23":{"start":{"line":24,"column":0},"end":{"line":24,"column":18}},"24":{"start":{"line":25,"column":0},"end":{"line":25,"column":1}},"25":{"start":{"line":26,"column":0},"end":{"line":26,"column":0}},"26":{"start":{"line":27,"column":0},"end":{"line":27,"column":51}},"27":{"start":{"line":28,"column":0},"end":{"line":28,"column":16}},"28":{"start":{"line":29,"column":0},"end":{"line":29,"column":16}},"29":{"start":{"line":30,"column":0},"end":{"line":30,"column":14}},"30":{"start":{"line":31,"column":0},"end":{"line":31,"column":12}},"31":{"start":{"line":32,"column":0},"end":{"line":32,"column":18}},"32":{"start":{"line":33,"column":0},"end":{"line":33,"column":9}},"33":{"start":{"line":34,"column":0},"end":{"line":34,"column":16}},"34":{"start":{"line":35,"column":0},"end":{"line":35,"column":17}},"35":{"start":{"line":36,"column":0},"end":{"line":36,"column":4}},"36":{"start":{"line":37,"column":0},"end":{"line":37,"column":1}},"37":{"start":{"line":38,"column":0},"end":{"line":38,"column":0}},"38":{"start":{"line":39,"column":0},"end":{"line":39,"column":59}},"39":{"start":{"line":40,"column":0},"end":{"line":40,"column":14}},"40":{"start":{"line":41,"column":0},"end":{"line":41,"column":1}},"41":{"start":{"line":42,"column":0},"end":{"line":42,"column":0}},"42":{"start":{"line":43,"column":0},"end":{"line":43,"column":46}},"43":{"start":{"line":44,"column":0},"end":{"line":44,"column":44}},"44":{"start":{"line":45,"column":0},"end":{"line":45,"column":14}},"45":{"start":{"line":46,"column":0},"end":{"line":46,"column":1}},"46":{"start":{"line":47,"column":0},"end":{"line":47,"column":0}},"47":{"start":{"line":48,"column":0},"end":{"line":48,"column":33}},"48":{"start":{"line":49,"column":0},"end":{"line":49,"column":37}},"49":{"start":{"line":50,"column":0},"end":{"line":50,"column":27}},"50":{"start":{"line":51,"column":0},"end":{"line":51,"column":43}},"51":{"start":{"line":52,"column":0},"end":{"line":52,"column":23}},"52":{"start":{"line":53,"column":0},"end":{"line":53,"column":1}},"53":{"start":{"line":54,"column":0},"end":{"line":54,"column":0}},"54":{"start":{"line":55,"column":0},"end":{"line":55,"column":29}},"55":{"start":{"line":56,"column":0},"end":{"line":56,"column":16}},"56":{"start":{"line":57,"column":0},"end":{"line":57,"column":19}},"57":{"start":{"line":58,"column":0},"end":{"line":58,"column":1}},"58":{"start":{"line":59,"column":0},"end":{"line":59,"column":0}},"59":{"start":{"line":60,"column":0},"end":{"line":60,"column":24}},"60":{"start":{"line":61,"column":0},"end":{"line":61,"column":14}},"61":{"start":{"line":62,"column":0},"end":{"line":62,"column":15}},"62":{"start":{"line":63,"column":0},"end":{"line":63,"column":1}},"63":{"start":{"line":64,"column":0},"end":{"line":64,"column":0}},"64":{"start":{"line":65,"column":0},"end":{"line":65,"column":28}},"65":{"start":{"line":66,"column":0},"end":{"line":66,"column":16}},"66":{"start":{"line":67,"column":0},"end":{"line":67,"column":21}},"67":{"start":{"line":68,"column":0},"end":{"line":68,"column":24}},"68":{"start":{"line":69,"column":0},"end":{"line":69,"column":22}},"69":{"start":{"line":70,"column":0},"end":{"line":70,"column":18}},"70":{"start":{"line":71,"column":0},"end":{"line":71,"column":1}},"71":{"start":{"line":72,"column":0},"end":{"line":72,"column":29}},"72":{"start":{"line":73,"column":0},"end":{"line":73,"column":21}},"73":{"start":{"line":74,"column":0},"end":{"line":74,"column":76}},"74":{"start":{"line":75,"column":0},"end":{"line":75,"column":23}},"75":{"start":{"line":76,"column":0},"end":{"line":76,"column":17}},"76":{"start":{"line":77,"column":0},"end":{"line":77,"column":42}},"77":{"start":{"line":78,"column":0},"end":{"line":78,"column":20}},"78":{"start":{"line":79,"column":0},"end":{"line":79,"column":17}},"79":{"start":{"line":80,"column":0},"end":{"line":80,"column":23}},"80":{"start":{"line":81,"column":0},"end":{"line":81,"column":1}},"81":{"start":{"line":82,"column":0},"end":{"line":82,"column":0}},"82":{"start":{"line":83,"column":0},"end":{"line":83,"column":30}},"83":{"start":{"line":84,"column":0},"end":{"line":84,"column":16}},"84":{"start":{"line":85,"column":0},"end":{"line":85,"column":19}},"85":{"start":{"line":86,"column":0},"end":{"line":86,"column":19}},"86":{"start":{"line":87,"column":0},"end":{"line":87,"column":1}},"87":{"start":{"line":88,"column":0},"end":{"line":88,"column":0}},"88":{"start":{"line":89,"column":0},"end":{"line":89,"column":29}},"89":{"start":{"line":90,"column":0},"end":{"line":90,"column":15}},"90":{"start":{"line":91,"column":0},"end":{"line":91,"column":27}},"91":{"start":{"line":92,"column":0},"end":{"line":92,"column":18}},"92":{"start":{"line":93,"column":0},"end":{"line":93,"column":1}}},"s":{"0":1,"1":1,"2":1,"3":1,"4":1,"5":1,"6":1,"7":1,"8":1,"9":1,"10":1,"11":1,"12":1,"13":1,"14":1,"15":1,"16":1,"17":1,"18":1,"19":1,"20":1,"21":1,"22":1,"23":1,"24":1,"25":1,"26":1,"27":1,"28":1,"29":1,"30":1,"31":1,"32":1,"33":1,"34":1,"35":1,"36":1,"37":1,"38":1,"39":1,"40":1,"41":1,"42":1,"43":1,"44":1,"45":1,"46":1,"47":1,"48":1,"49":1,"50":1,"51":1,"52":1,"53":1,"54":1,"55":1,"56":1,"57":1,"58":1,"59":1,"60":1,"61":1,"62":1,"63":1,"64":1,"65":1,"66":1,"67":1,"68":1,"69":1,"70":1,"71":1,"72":1,"73":1,"74":1,"75":1,"76":1,"77":1,"78":1,"79":1,"80":1,"81":1,"82":1,"83":1,"84":1,"85":1,"86":1,"87":1,"88":1,"89":1,"90":1,"91":1,"92":1},"branchMap":{"0":{"type":"branch","line":65,"loc":{"start":{"line":65,"column":7},"end":{"line":65,"column":28}},"locations":[{"start":{"line":65,"column":7},"end":{"line":65,"column":28}}]},"1":{"type":"branch","line":65,"loc":{"start":{"line":65,"column":12},"end":{"line":65,"column":28}},"locations":[{"start":{"line":65,"column":12},"end":{"line":65,"column":28}}]}},"b":{"0":[8],"1":[4]},"fnMap":{"0":{"name":"get","decl":{"start":{"line":65,"column":12},"end":{"line":65,"column":28}},"loc":{"start":{"line":65,"column":12},"end":{"line":65,"column":28}},"line":65}},"f":{"0":4}}
}
